
*** Running vivado
    with args -log tutorial_bd_wrapper.vdi -applog -m64 -product Vivado -messageDb vivado.pb -mode batch -source tutorial_bd_wrapper.tcl -notrace


****** Vivado v2016.3 (64-bit)
  **** SW Build 1682563 on Mon Oct 10 19:07:27 MDT 2016
  **** IP Build 1681267 on Mon Oct 10 21:28:31 MDT 2016
    ** Copyright 1986-2016 Xilinx, Inc. All Rights Reserved.

source tutorial_bd_wrapper.tcl -notrace
Design is defaulting to srcset: sources_1
Design is defaulting to constrset: constrs_1
INFO: [Netlist 29-17] Analyzing 25 Unisim elements for replacement
INFO: [Netlist 29-28] Unisim Transformation completed in 0 CPU seconds
INFO: [Project 1-479] Netlist was created with Vivado 2016.3
INFO: [Device 21-403] Loading part xc7z020clg484-1
INFO: [Project 1-570] Preparing netlist for logic optimization
Parsing XDC File [c:/Users/grcomerce/Desktop/LAB6/lab_6/lab_6.srcs/sources_1/bd/tutorial_bd/ip/tutorial_bd_processing_system7_0_0/tutorial_bd_processing_system7_0_0.xdc] for cell 'tutorial_bd_i/processing_system7_0/inst'
Finished Parsing XDC File [c:/Users/grcomerce/Desktop/LAB6/lab_6/lab_6.srcs/sources_1/bd/tutorial_bd/ip/tutorial_bd_processing_system7_0_0/tutorial_bd_processing_system7_0_0.xdc] for cell 'tutorial_bd_i/processing_system7_0/inst'
Parsing XDC File [c:/Users/grcomerce/Desktop/LAB6/lab_6/lab_6.srcs/sources_1/bd/tutorial_bd/ip/tutorial_bd_rst_ps7_0_50M_0/tutorial_bd_rst_ps7_0_50M_0_board.xdc] for cell 'tutorial_bd_i/rst_ps7_0_50M/U0'
Finished Parsing XDC File [c:/Users/grcomerce/Desktop/LAB6/lab_6/lab_6.srcs/sources_1/bd/tutorial_bd/ip/tutorial_bd_rst_ps7_0_50M_0/tutorial_bd_rst_ps7_0_50M_0_board.xdc] for cell 'tutorial_bd_i/rst_ps7_0_50M/U0'
Parsing XDC File [c:/Users/grcomerce/Desktop/LAB6/lab_6/lab_6.srcs/sources_1/bd/tutorial_bd/ip/tutorial_bd_rst_ps7_0_50M_0/tutorial_bd_rst_ps7_0_50M_0.xdc] for cell 'tutorial_bd_i/rst_ps7_0_50M/U0'
Finished Parsing XDC File [c:/Users/grcomerce/Desktop/LAB6/lab_6/lab_6.srcs/sources_1/bd/tutorial_bd/ip/tutorial_bd_rst_ps7_0_50M_0/tutorial_bd_rst_ps7_0_50M_0.xdc] for cell 'tutorial_bd_i/rst_ps7_0_50M/U0'
Parsing XDC File [C:/Users/grcomerce/Desktop/LAB6/lab_6/lab_6.srcs/constrs_1/new/constraints.xdc]
Finished Parsing XDC File [C:/Users/grcomerce/Desktop/LAB6/lab_6/lab_6.srcs/constrs_1/new/constraints.xdc]
INFO: [Opt 31-138] Pushed 0 inverter(s) to 0 load pin(s).
INFO: [Project 1-111] Unisim Transformation Summary:
No Unisim elements were transformed.

link_design: Time (s): cpu = 00:00:05 ; elapsed = 00:00:07 . Memory (MB): peak = 541.434 ; gain = 296.926
Command: opt_design
Attempting to get a license for feature 'Implementation' and/or device 'xc7z020'
INFO: [Common 17-349] Got license for feature 'Implementation' and/or device 'xc7z020'
Running DRC as a precondition to command opt_design

Starting DRC Task
INFO: [DRC 23-27] Running DRC with 2 threads
INFO: [Project 1-461] DRC finished with 0 Errors
INFO: [Project 1-462] Please refer to the DRC report (report_drc) for more information.

Time (s): cpu = 00:00:00 ; elapsed = 00:00:00.453 . Memory (MB): peak = 545.570 ; gain = 4.137
INFO: [Timing 38-35] Done setting XDC timing constraints.

Starting Logic Optimization Task
Implement Debug Cores | Checksum: a06083f2

Phase 1 Retarget
INFO: [Opt 31-138] Pushed 0 inverter(s) to 0 load pin(s).
INFO: [Opt 31-49] Retargeted 0 cell(s).
Phase 1 Retarget | Checksum: 5c938256

Time (s): cpu = 00:00:00 ; elapsed = 00:00:00.234 . Memory (MB): peak = 1022.180 ; gain = 0.000

Phase 2 Constant propagation
INFO: [Opt 31-138] Pushed 0 inverter(s) to 0 load pin(s).
INFO: [Opt 31-10] Eliminated 13 cells.
Phase 2 Constant propagation | Checksum: 124a381ad

Time (s): cpu = 00:00:00 ; elapsed = 00:00:00.406 . Memory (MB): peak = 1022.180 ; gain = 0.000

Phase 3 Sweep
INFO: [Opt 31-12] Eliminated 310 unconnected nets.
INFO: [Opt 31-11] Eliminated 391 unconnected cells.
Phase 3 Sweep | Checksum: 17844ee1d

Time (s): cpu = 00:00:01 ; elapsed = 00:00:00.749 . Memory (MB): peak = 1022.180 ; gain = 0.000

Phase 4 BUFG optimization
INFO: [Opt 31-12] Eliminated 0 unconnected nets.
INFO: [Opt 31-11] Eliminated 0 unconnected cells.
Phase 4 BUFG optimization | Checksum: 1774d540b

Time (s): cpu = 00:00:01 ; elapsed = 00:00:00.968 . Memory (MB): peak = 1022.180 ; gain = 0.000

Starting Connectivity Check Task

Time (s): cpu = 00:00:00 ; elapsed = 00:00:00 . Memory (MB): peak = 1022.180 ; gain = 0.000
Ending Logic Optimization Task | Checksum: 1774d540b

Time (s): cpu = 00:00:01 ; elapsed = 00:00:00.983 . Memory (MB): peak = 1022.180 ; gain = 0.000

Starting Power Optimization Task
INFO: [Pwropt 34-132] Skipping clock gating for clocks with a period < 2.00 ns.
Ending Power Optimization Task | Checksum: 1774d540b

Time (s): cpu = 00:00:00 ; elapsed = 00:00:00.047 . Memory (MB): peak = 1022.180 ; gain = 0.000
INFO: [Common 17-83] Releasing license: Implementation
22 Infos, 0 Warnings, 0 Critical Warnings and 0 Errors encountered.
opt_design completed successfully
opt_design: Time (s): cpu = 00:00:10 ; elapsed = 00:00:10 . Memory (MB): peak = 1022.180 ; gain = 480.746
Writing placer database...
Writing XDEF routing.
Writing XDEF routing logical nets.
Writing XDEF routing special nets.
Write XDEF Complete: Time (s): cpu = 00:00:00 ; elapsed = 00:00:00.078 . Memory (MB): peak = 1022.180 ; gain = 0.000
INFO: [Common 17-1381] The checkpoint 'C:/Users/grcomerce/Desktop/LAB6/lab_6/lab_6.runs/impl_1/tutorial_bd_wrapper_opt.dcp' has been generated.
INFO: [DRC 23-27] Running DRC with 2 threads
INFO: [Coretcl 2-168] The results of DRC are in file C:/Users/grcomerce/Desktop/LAB6/lab_6/lab_6.runs/impl_1/tutorial_bd_wrapper_drc_opted.rpt.
INFO: [Chipscope 16-241] No debug cores found in the current design.
Before running the implement_debug_core command, either use the Set Up Debug wizard (GUI mode)
or use the create_debug_core and connect_debug_core Tcl commands to insert debug cores into the design.
Command: place_design
Attempting to get a license for feature 'Implementation' and/or device 'xc7z020'
INFO: [Common 17-349] Got license for feature 'Implementation' and/or device 'xc7z020'
INFO: [DRC 23-27] Running DRC with 2 threads
INFO: [Vivado_Tcl 4-198] DRC finished with 0 Errors
INFO: [Vivado_Tcl 4-199] Please refer to the DRC report (report_drc) for more information.
Running DRC as a precondition to command place_design
INFO: [DRC 23-27] Running DRC with 2 threads
INFO: [Vivado_Tcl 4-198] DRC finished with 0 Errors
INFO: [Vivado_Tcl 4-199] Please refer to the DRC report (report_drc) for more information.

Starting Placer Task
INFO: [Place 30-611] Multithreading enabled for place_design using a maximum of 2 CPUs

Phase 1 Placer Initialization
Netlist sorting complete. Time (s): cpu = 00:00:00 ; elapsed = 00:00:00.015 . Memory (MB): peak = 1022.180 ; gain = 0.000
Netlist sorting complete. Time (s): cpu = 00:00:00 ; elapsed = 00:00:00 . Memory (MB): peak = 1022.180 ; gain = 0.000

Phase 1.1 IO Placement/ Clock Placement/ Build Placer Device
INFO: [Timing 38-35] Done setting XDC timing constraints.
Phase 1.1 IO Placement/ Clock Placement/ Build Placer Device | Checksum: e96ffdec

Time (s): cpu = 00:00:02 ; elapsed = 00:00:02 . Memory (MB): peak = 1040.492 ; gain = 18.313

Phase 1.2 Build Placer Netlist Model
Phase 1.2 Build Placer Netlist Model | Checksum: b161ee56

Time (s): cpu = 00:00:02 ; elapsed = 00:00:03 . Memory (MB): peak = 1040.492 ; gain = 18.313

Phase 1.3 Constrain Clocks/Macros
Phase 1.3 Constrain Clocks/Macros | Checksum: b161ee56

Time (s): cpu = 00:00:02 ; elapsed = 00:00:03 . Memory (MB): peak = 1040.492 ; gain = 18.313
Phase 1 Placer Initialization | Checksum: b161ee56

Time (s): cpu = 00:00:02 ; elapsed = 00:00:03 . Memory (MB): peak = 1040.492 ; gain = 18.313

Phase 2 Global Placement
Phase 2 Global Placement | Checksum: bef97418

Time (s): cpu = 00:00:03 ; elapsed = 00:00:06 . Memory (MB): peak = 1040.492 ; gain = 18.313

Phase 3 Detail Placement

Phase 3.1 Commit Multi Column Macros
Phase 3.1 Commit Multi Column Macros | Checksum: bef97418

Time (s): cpu = 00:00:03 ; elapsed = 00:00:06 . Memory (MB): peak = 1040.492 ; gain = 18.313

Phase 3.2 Commit Most Macros & LUTRAMs
Phase 3.2 Commit Most Macros & LUTRAMs | Checksum: 88bf81f0

Time (s): cpu = 00:00:03 ; elapsed = 00:00:06 . Memory (MB): peak = 1040.492 ; gain = 18.313

Phase 3.3 Area Swap Optimization
Phase 3.3 Area Swap Optimization | Checksum: 80ad7ccd

Time (s): cpu = 00:00:03 ; elapsed = 00:00:06 . Memory (MB): peak = 1040.492 ; gain = 18.313

Phase 3.4 Pipeline Register Optimization
Phase 3.4 Pipeline Register Optimization | Checksum: 80ad7ccd

Time (s): cpu = 00:00:03 ; elapsed = 00:00:06 . Memory (MB): peak = 1040.492 ; gain = 18.313

Phase 3.5 Timing Path Optimizer
Phase 3.5 Timing Path Optimizer | Checksum: 8df00794

Time (s): cpu = 00:00:03 ; elapsed = 00:00:06 . Memory (MB): peak = 1040.492 ; gain = 18.313

Phase 3.6 Small Shape Detail Placement
Phase 3.6 Small Shape Detail Placement | Checksum: 705b7f14

Time (s): cpu = 00:00:04 ; elapsed = 00:00:06 . Memory (MB): peak = 1040.492 ; gain = 18.313

Phase 3.7 Re-assign LUT pins
Phase 3.7 Re-assign LUT pins | Checksum: 6fe6a321

Time (s): cpu = 00:00:04 ; elapsed = 00:00:06 . Memory (MB): peak = 1040.492 ; gain = 18.313

Phase 3.8 Pipeline Register Optimization
Phase 3.8 Pipeline Register Optimization | Checksum: 6fe6a321

Time (s): cpu = 00:00:04 ; elapsed = 00:00:06 . Memory (MB): peak = 1040.492 ; gain = 18.313
Phase 3 Detail Placement | Checksum: 6fe6a321

Time (s): cpu = 00:00:04 ; elapsed = 00:00:06 . Memory (MB): peak = 1040.492 ; gain = 18.313

Phase 4 Post Placement Optimization and Clean-Up

Phase 4.1 Post Commit Optimization
INFO: [Timing 38-35] Done setting XDC timing constraints.

Phase 4.1.1 Post Placement Optimization
INFO: [Place 30-746] Post Placement Timing Summary WNS=13.191. For the most accurate timing information please run report_timing.
Phase 4.1.1 Post Placement Optimization | Checksum: 99e5fda8

Time (s): cpu = 00:00:04 ; elapsed = 00:00:07 . Memory (MB): peak = 1040.492 ; gain = 18.313
Phase 4.1 Post Commit Optimization | Checksum: 99e5fda8

Time (s): cpu = 00:00:04 ; elapsed = 00:00:07 . Memory (MB): peak = 1040.492 ; gain = 18.313

Phase 4.2 Post Placement Cleanup
Phase 4.2 Post Placement Cleanup | Checksum: 99e5fda8

Time (s): cpu = 00:00:04 ; elapsed = 00:00:07 . Memory (MB): peak = 1040.492 ; gain = 18.313

Phase 4.3 Placer Reporting
Phase 4.3 Placer Reporting | Checksum: 99e5fda8

Time (s): cpu = 00:00:04 ; elapsed = 00:00:07 . Memory (MB): peak = 1040.492 ; gain = 18.313

Phase 4.4 Final Placement Cleanup
Phase 4.4 Final Placement Cleanup | Checksum: fbe4f10e

Time (s): cpu = 00:00:04 ; elapsed = 00:00:07 . Memory (MB): peak = 1040.492 ; gain = 18.313
Phase 4 Post Placement Optimization and Clean-Up | Checksum: fbe4f10e

Time (s): cpu = 00:00:04 ; elapsed = 00:00:07 . Memory (MB): peak = 1040.492 ; gain = 18.313
Ending Placer Task | Checksum: 991a03d5

Time (s): cpu = 00:00:04 ; elapsed = 00:00:07 . Memory (MB): peak = 1040.492 ; gain = 18.313
INFO: [Common 17-83] Releasing license: Implementation
38 Infos, 0 Warnings, 0 Critical Warnings and 0 Errors encountered.
place_design completed successfully
place_design: Time (s): cpu = 00:00:05 ; elapsed = 00:00:08 . Memory (MB): peak = 1040.492 ; gain = 18.313
Writing placer database...
Writing XDEF routing.
Writing XDEF routing logical nets.
Writing XDEF routing special nets.
Write XDEF Complete: Time (s): cpu = 00:00:01 ; elapsed = 00:00:00.109 . Memory (MB): peak = 1040.492 ; gain = 0.000
INFO: [Common 17-1381] The checkpoint 'C:/Users/grcomerce/Desktop/LAB6/lab_6/lab_6.runs/impl_1/tutorial_bd_wrapper_placed.dcp' has been generated.
report_io: Time (s): cpu = 00:00:00 ; elapsed = 00:00:00.078 . Memory (MB): peak = 1040.492 ; gain = 0.000
report_utilization: Time (s): cpu = 00:00:00 ; elapsed = 00:00:00.015 . Memory (MB): peak = 1040.492 ; gain = 0.000
report_control_sets: Time (s): cpu = 00:00:00 ; elapsed = 00:00:00.016 . Memory (MB): peak = 1040.492 ; gain = 0.000
Command: route_design
Attempting to get a license for feature 'Implementation' and/or device 'xc7z020'
INFO: [Common 17-349] Got license for feature 'Implementation' and/or device 'xc7z020'
Running DRC as a precondition to command route_design
INFO: [DRC 23-27] Running DRC with 2 threads
INFO: [Vivado_Tcl 4-198] DRC finished with 0 Errors
INFO: [Vivado_Tcl 4-199] Please refer to the DRC report (report_drc) for more information.


Starting Routing Task
INFO: [Route 35-254] Multithreading enabled for route_design using a maximum of 2 CPUs
Checksum: PlaceDB: 168bd8a ConstDB: 0 ShapeSum: 97b1464b RouteDB: 0

Phase 1 Build RT Design
Phase 1 Build RT Design | Checksum: 96b0c168

Time (s): cpu = 00:00:21 ; elapsed = 00:00:19 . Memory (MB): peak = 1185.586 ; gain = 145.094

Phase 2 Router Initialization

Phase 2.1 Create Timer
Phase 2.1 Create Timer | Checksum: 96b0c168

Time (s): cpu = 00:00:21 ; elapsed = 00:00:19 . Memory (MB): peak = 1185.586 ; gain = 145.094

Phase 2.2 Fix Topology Constraints
Phase 2.2 Fix Topology Constraints | Checksum: 96b0c168

Time (s): cpu = 00:00:21 ; elapsed = 00:00:19 . Memory (MB): peak = 1185.586 ; gain = 145.094

Phase 2.3 Pre Route Cleanup
Phase 2.3 Pre Route Cleanup | Checksum: 96b0c168

Time (s): cpu = 00:00:21 ; elapsed = 00:00:19 . Memory (MB): peak = 1185.586 ; gain = 145.094
 Number of Nodes with overlaps = 0

Phase 2.4 Update Timing
Phase 2.4 Update Timing | Checksum: ca5d1ab5

Time (s): cpu = 00:00:22 ; elapsed = 00:00:19 . Memory (MB): peak = 1197.109 ; gain = 156.617
INFO: [Route 35-416] Intermediate Timing Summary | WNS=13.162 | TNS=0.000  | WHS=-0.187 | THS=-13.767|

Phase 2 Router Initialization | Checksum: 136899325

Time (s): cpu = 00:00:22 ; elapsed = 00:00:19 . Memory (MB): peak = 1197.109 ; gain = 156.617

Phase 3 Initial Routing
Phase 3 Initial Routing | Checksum: 17d51acf9

Time (s): cpu = 00:00:22 ; elapsed = 00:00:19 . Memory (MB): peak = 1197.109 ; gain = 156.617

Phase 4 Rip-up And Reroute

Phase 4.1 Global Iteration 0
 Number of Nodes with overlaps = 65
 Number of Nodes with overlaps = 0

Phase 4.1.1 Update Timing
Phase 4.1.1 Update Timing | Checksum: 183e79b2e

Time (s): cpu = 00:00:23 ; elapsed = 00:00:20 . Memory (MB): peak = 1197.109 ; gain = 156.617
INFO: [Route 35-416] Intermediate Timing Summary | WNS=12.725 | TNS=0.000  | WHS=N/A    | THS=N/A    |

Phase 4.1 Global Iteration 0 | Checksum: 1d8bb486f

Time (s): cpu = 00:00:23 ; elapsed = 00:00:20 . Memory (MB): peak = 1197.109 ; gain = 156.617

Phase 4.2 Global Iteration 1
 Number of Nodes with overlaps = 1
 Number of Nodes with overlaps = 0

Phase 4.2.1 Update Timing
Phase 4.2.1 Update Timing | Checksum: 155673f57

Time (s): cpu = 00:00:23 ; elapsed = 00:00:20 . Memory (MB): peak = 1197.109 ; gain = 156.617
INFO: [Route 35-416] Intermediate Timing Summary | WNS=12.725 | TNS=0.000  | WHS=N/A    | THS=N/A    |

Phase 4.2 Global Iteration 1 | Checksum: 1f9d57f77

Time (s): cpu = 00:00:23 ; elapsed = 00:00:20 . Memory (MB): peak = 1197.109 ; gain = 156.617
Phase 4 Rip-up And Reroute | Checksum: 1f9d57f77

Time (s): cpu = 00:00:23 ; elapsed = 00:00:20 . Memory (MB): peak = 1197.109 ; gain = 156.617

Phase 5 Delay and Skew Optimization

Phase 5.1 Delay CleanUp
Phase 5.1 Delay CleanUp | Checksum: 1f9d57f77

Time (s): cpu = 00:00:23 ; elapsed = 00:00:20 . Memory (MB): peak = 1197.109 ; gain = 156.617

Phase 5.2 Clock Skew Optimization
Phase 5.2 Clock Skew Optimization | Checksum: 1f9d57f77

Time (s): cpu = 00:00:23 ; elapsed = 00:00:20 . Memory (MB): peak = 1197.109 ; gain = 156.617
Phase 5 Delay and Skew Optimization | Checksum: 1f9d57f77

Time (s): cpu = 00:00:23 ; elapsed = 00:00:20 . Memory (MB): peak = 1197.109 ; gain = 156.617

Phase 6 Post Hold Fix

Phase 6.1 Hold Fix Iter

Phase 6.1.1 Update Timing
Phase 6.1.1 Update Timing | Checksum: 184f1da91

Time (s): cpu = 00:00:23 ; elapsed = 00:00:20 . Memory (MB): peak = 1197.109 ; gain = 156.617
INFO: [Route 35-416] Intermediate Timing Summary | WNS=12.739 | TNS=0.000  | WHS=0.029  | THS=0.000  |

Phase 6.1 Hold Fix Iter | Checksum: 1a86a3968

Time (s): cpu = 00:00:23 ; elapsed = 00:00:20 . Memory (MB): peak = 1197.109 ; gain = 156.617
Phase 6 Post Hold Fix | Checksum: 1a86a3968

Time (s): cpu = 00:00:23 ; elapsed = 00:00:20 . Memory (MB): peak = 1197.109 ; gain = 156.617

Phase 7 Route finalize

Router Utilization Summary
  Global Vertical Routing Utilization    = 0.136844 %
  Global Horizontal Routing Utilization  = 0.183316 %
  Routable Net Status*
  *Does not include unroutable nets such as driverless and loadless.
  Run report_route_status for detailed report.
  Number of Failed Nets               = 0
  Number of Unrouted Nets             = 0
  Number of Partially Routed Nets     = 0
  Number of Node Overlaps             = 0

Phase 7 Route finalize | Checksum: 14a62f0fb

Time (s): cpu = 00:00:23 ; elapsed = 00:00:20 . Memory (MB): peak = 1197.109 ; gain = 156.617

Phase 8 Verifying routed nets

 Verification completed successfully
Phase 8 Verifying routed nets | Checksum: 14a62f0fb

Time (s): cpu = 00:00:23 ; elapsed = 00:00:20 . Memory (MB): peak = 1197.109 ; gain = 156.617

Phase 9 Depositing Routes
Phase 9 Depositing Routes | Checksum: 1f1564abd

Time (s): cpu = 00:00:23 ; elapsed = 00:00:20 . Memory (MB): peak = 1197.109 ; gain = 156.617

Phase 10 Post Router Timing
INFO: [Route 35-57] Estimated Timing Summary | WNS=12.739 | TNS=0.000  | WHS=0.029  | THS=0.000  |

INFO: [Route 35-327] The final timing numbers are based on the router estimated timing analysis. For a complete and accurate timing signoff, please run report_timing_summary.
Phase 10 Post Router Timing | Checksum: 1f1564abd

Time (s): cpu = 00:00:23 ; elapsed = 00:00:20 . Memory (MB): peak = 1197.109 ; gain = 156.617
INFO: [Route 35-16] Router Completed Successfully

Time (s): cpu = 00:00:23 ; elapsed = 00:00:20 . Memory (MB): peak = 1197.109 ; gain = 156.617

Routing Is Done.
INFO: [Common 17-83] Releasing license: Implementation
52 Infos, 0 Warnings, 0 Critical Warnings and 0 Errors encountered.
route_design completed successfully
route_design: Time (s): cpu = 00:00:24 ; elapsed = 00:00:21 . Memory (MB): peak = 1197.109 ; gain = 156.617
Writing placer database...
Writing XDEF routing.
Writing XDEF routing logical nets.
Writing XDEF routing special nets.
Write XDEF Complete: Time (s): cpu = 00:00:00 ; elapsed = 00:00:00.156 . Memory (MB): peak = 1197.109 ; gain = 0.000
INFO: [Common 17-1381] The checkpoint 'C:/Users/grcomerce/Desktop/LAB6/lab_6/lab_6.runs/impl_1/tutorial_bd_wrapper_routed.dcp' has been generated.
INFO: [DRC 23-27] Running DRC with 2 threads
INFO: [Coretcl 2-168] The results of DRC are in file C:/Users/grcomerce/Desktop/LAB6/lab_6/lab_6.runs/impl_1/tutorial_bd_wrapper_drc_routed.rpt.
INFO: [Timing 38-35] Done setting XDC timing constraints.
INFO: [DRC 23-133] Running Methodology with 2 threads
INFO: [Coretcl 2-1520] The results of Report Methodology are in file C:/Users/grcomerce/Desktop/LAB6/lab_6/lab_6.runs/impl_1/tutorial_bd_wrapper_methodology_drc_routed.rpt.
INFO: [Timing 38-35] Done setting XDC timing constraints.
INFO: [Timing 38-91] UpdateTimingParams: Speed grade: -1, Delay Type: min_max.
INFO: [Timing 38-191] Multithreading enabled for timing update using a maximum of 2 CPUs
INFO: [Timing 38-35] Done setting XDC timing constraints.
Command: report_power -file tutorial_bd_wrapper_power_routed.rpt -pb tutorial_bd_wrapper_power_summary_routed.pb -rpx tutorial_bd_wrapper_power_routed.rpx
Running Vector-less Activity Propagation...

Finished Running Vector-less Activity Propagation
62 Infos, 0 Warnings, 0 Critical Warnings and 0 Errors encountered.
report_power completed successfully
Command: write_bitstream -force -no_partial_bitfile tutorial_bd_wrapper.bit
Attempting to get a license for feature 'Implementation' and/or device 'xc7z020'
INFO: [Common 17-349] Got license for feature 'Implementation' and/or device 'xc7z020'
Running DRC as a precondition to command write_bitstream
INFO: [DRC 23-27] Running DRC with 2 threads
INFO: [Vivado 12-3199] DRC finished with 0 Errors
INFO: [Vivado 12-3200] Please refer to the DRC report (report_drc) for more information.
Loading data files...
Loading site data...
Loading route data...
Processing options...
Creating bitmap...
Creating bitstream...
Writing bitstream ./tutorial_bd_wrapper.bit...
INFO: [Vivado 12-1842] Bitgen Completed Successfully.
INFO: [Project 1-118] WebTalk data collection is enabled (User setting is ON. Install Setting is ON.).
INFO: [Common 17-83] Releasing license: Implementation
69 Infos, 0 Warnings, 0 Critical Warnings and 0 Errors encountered.
write_bitstream completed successfully
write_bitstream: Time (s): cpu = 00:00:12 ; elapsed = 00:00:53 . Memory (MB): peak = 1567.051 ; gain = 358.664
INFO: [Common 17-206] Exiting Vivado at Fri Oct 26 16:34:44 2018...
Abnormal program termination (EXCEPTION_ACCESS_VIOLATION)
Please check 'C:/Users/grcomerce/Desktop/LAB6/lab_6/lab_6.runs/impl_1/hs_err_pid4700.log' for details

*** Running vivado
    with args -log tutorial_bd_wrapper.vdi -applog -m64 -product Vivado -messageDb vivado.pb -mode batch -source tutorial_bd_wrapper.tcl -notrace


****** Vivado v2016.3 (64-bit)
  **** SW Build 1682563 on Mon Oct 10 19:07:27 MDT 2016
  **** IP Build 1681267 on Mon Oct 10 21:28:31 MDT 2016
    ** Copyright 1986-2016 Xilinx, Inc. All Rights Reserved.

source tutorial_bd_wrapper.tcl -notrace
Command: open_checkpoint tutorial_bd_wrapper_routed.dcp

Starting open_checkpoint Task

Time (s): cpu = 00:00:00 ; elapsed = 00:00:00.017 . Memory (MB): peak = 216.406 ; gain = 0.000
INFO: [Netlist 29-17] Analyzing 13 Unisim elements for replacement
INFO: [Netlist 29-28] Unisim Transformation completed in 0 CPU seconds
INFO: [Project 1-479] Netlist was created with Vivado 2016.3
INFO: [Device 21-403] Loading part xc7z020clg484-1
INFO: [Project 1-570] Preparing netlist for logic optimization
Parsing XDC File [D:/PetrovImportant/LAB6/lab_6/lab_6.runs/impl_1/.Xil/Vivado-4880-K9-432-04/dcp/tutorial_bd_wrapper_early.xdc]
Finished Parsing XDC File [D:/PetrovImportant/LAB6/lab_6/lab_6.runs/impl_1/.Xil/Vivado-4880-K9-432-04/dcp/tutorial_bd_wrapper_early.xdc]
Parsing XDC File [D:/PetrovImportant/LAB6/lab_6/lab_6.runs/impl_1/.Xil/Vivado-4880-K9-432-04/dcp/tutorial_bd_wrapper.xdc]
Finished Parsing XDC File [D:/PetrovImportant/LAB6/lab_6/lab_6.runs/impl_1/.Xil/Vivado-4880-K9-432-04/dcp/tutorial_bd_wrapper.xdc]
Reading XDEF placement.
Reading placer database...
Reading XDEF routing.
Read XDEF File: Time (s): cpu = 00:00:00 ; elapsed = 00:00:00.245 . Memory (MB): peak = 533.449 ; gain = 0.000
Restored from archive | CPU: 0.000000 secs | Memory: 0.000000 MB |
Finished XDEF File Restore: Time (s): cpu = 00:00:00 ; elapsed = 00:00:00.245 . Memory (MB): peak = 533.449 ; gain = 0.000
INFO: [Project 1-111] Unisim Transformation Summary:
No Unisim elements were transformed.

INFO: [Project 1-604] Checkpoint was created with Vivado v2016.3 (64-bit) build 1682563
open_checkpoint: Time (s): cpu = 00:00:05 ; elapsed = 00:00:27 . Memory (MB): peak = 533.449 ; gain = 322.711
Command: write_bitstream -force -no_partial_bitfile tutorial_bd_wrapper.bit
Attempting to get a license for feature 'Implementation' and/or device 'xc7z020'
INFO: [Common 17-349] Got license for feature 'Implementation' and/or device 'xc7z020'
Running DRC as a precondition to command write_bitstream
INFO: [DRC 23-27] Running DRC with 2 threads
INFO: [Vivado 12-3199] DRC finished with 0 Errors
INFO: [Vivado 12-3200] Please refer to the DRC report (report_drc) for more information.
Loading data files...
Loading site data...
Loading route data...
Processing options...
Creating bitmap...
Creating bitstream...
Writing bitstream ./tutorial_bd_wrapper.bit...
INFO: [Vivado 12-1842] Bitgen Completed Successfully.
INFO: [Project 1-118] WebTalk data collection is enabled (User setting is ON. Install Setting is ON.).
INFO: [Common 17-83] Releasing license: Implementation
14 Infos, 0 Warnings, 0 Critical Warnings and 0 Errors encountered.
write_bitstream completed successfully
write_bitstream: Time (s): cpu = 00:00:13 ; elapsed = 00:01:11 . Memory (MB): peak = 919.398 ; gain = 385.949
INFO: [Common 17-206] Exiting Vivado at Thu Nov 29 13:03:39 2018...

*** Running vivado
    with args -log tutorial_bd_wrapper.vdi -applog -m64 -product Vivado -messageDb vivado.pb -mode batch -source tutorial_bd_wrapper.tcl -notrace


****** Vivado v2016.3 (64-bit)
  **** SW Build 1682563 on Mon Oct 10 19:07:27 MDT 2016
  **** IP Build 1681267 on Mon Oct 10 21:28:31 MDT 2016
    ** Copyright 1986-2016 Xilinx, Inc. All Rights Reserved.

source tutorial_bd_wrapper.tcl -notrace
Command: open_checkpoint tutorial_bd_wrapper_routed.dcp

Starting open_checkpoint Task

Time (s): cpu = 00:00:00 ; elapsed = 00:00:00.020 . Memory (MB): peak = 216.691 ; gain = 0.000
INFO: [Netlist 29-17] Analyzing 13 Unisim elements for replacement
INFO: [Netlist 29-28] Unisim Transformation completed in 0 CPU seconds
INFO: [Project 1-479] Netlist was created with Vivado 2016.3
INFO: [Device 21-403] Loading part xc7z020clg484-1
INFO: [Project 1-570] Preparing netlist for logic optimization
Parsing XDC File [C:/Users/grcomerce/Desktop/LAB6/lab_6/lab_6.runs/impl_1/.Xil/Vivado-6284-K9-432-04/dcp/tutorial_bd_wrapper_early.xdc]
Finished Parsing XDC File [C:/Users/grcomerce/Desktop/LAB6/lab_6/lab_6.runs/impl_1/.Xil/Vivado-6284-K9-432-04/dcp/tutorial_bd_wrapper_early.xdc]
Parsing XDC File [C:/Users/grcomerce/Desktop/LAB6/lab_6/lab_6.runs/impl_1/.Xil/Vivado-6284-K9-432-04/dcp/tutorial_bd_wrapper.xdc]
Finished Parsing XDC File [C:/Users/grcomerce/Desktop/LAB6/lab_6/lab_6.runs/impl_1/.Xil/Vivado-6284-K9-432-04/dcp/tutorial_bd_wrapper.xdc]
Reading XDEF placement.
Reading placer database...
Reading XDEF routing.
Read XDEF File: Time (s): cpu = 00:00:00 ; elapsed = 00:00:00.330 . Memory (MB): peak = 534.207 ; gain = 0.000
Restored from archive | CPU: 0.000000 secs | Memory: 0.000000 MB |
Finished XDEF File Restore: Time (s): cpu = 00:00:00 ; elapsed = 00:00:00.330 . Memory (MB): peak = 534.207 ; gain = 0.000
INFO: [Project 1-111] Unisim Transformation Summary:
No Unisim elements were transformed.

INFO: [Project 1-604] Checkpoint was created with Vivado v2016.3 (64-bit) build 1682563
open_checkpoint: Time (s): cpu = 00:00:09 ; elapsed = 00:00:10 . Memory (MB): peak = 534.207 ; gain = 323.578
Command: write_bitstream -force -no_partial_bitfile tutorial_bd_wrapper.bit
Attempting to get a license for feature 'Implementation' and/or device 'xc7z020'
INFO: [Common 17-349] Got license for feature 'Implementation' and/or device 'xc7z020'
Running DRC as a precondition to command write_bitstream
INFO: [DRC 23-27] Running DRC with 2 threads
INFO: [Vivado 12-3199] DRC finished with 0 Errors
INFO: [Vivado 12-3200] Please refer to the DRC report (report_drc) for more information.
Loading data files...
Loading site data...
Loading route data...
Processing options...
Creating bitmap...
Creating bitstream...
Writing bitstream ./tutorial_bd_wrapper.bit...
INFO: [Vivado 12-1842] Bitgen Completed Successfully.
INFO: [Project 1-118] WebTalk data collection is enabled (User setting is ON. Install Setting is ON.).
INFO: [Common 17-83] Releasing license: Implementation
14 Infos, 0 Warnings, 0 Critical Warnings and 0 Errors encountered.
write_bitstream completed successfully
write_bitstream: Time (s): cpu = 00:00:17 ; elapsed = 00:00:19 . Memory (MB): peak = 920.664 ; gain = 386.457
INFO: [Common 17-206] Exiting Vivado at Mon Nov 21 15:13:43 2022...
