16:36:36 INFO  : Registering command handlers for SDK TCF services
16:36:37 INFO  : Launching XSCT server: xsct.bat -interactive C:\Users\grcomerce\Desktop\LAB6\lab_6\lab_6.sdk\temp_xsdb_launch_script.tcl
16:36:42 INFO  : XSCT server has started successfully.
16:36:42 INFO  : Successfully done setting XSCT server connection channel  
16:36:42 INFO  : Successfully done setting SDK workspace  
16:36:42 INFO  : Restoring global repository preferences: 
		 C:\Xilinx\SDK\2016.3\data\embeddedsw
16:36:45 INFO  : Processing command line option -hwspec C:/Users/grcomerce/Desktop/LAB6/lab_6/lab_6.sdk/tutorial_bd_wrapper.hdf.
16:43:48 INFO  : Connected to target on host '127.0.0.1' and port '3121'.
16:43:49 INFO  : 'targets -set -filter {jtag_cable_name =~ "Digilent JTAG-SMT1 210203824654A" && level==0} -index 1' command is executed.
16:43:51 INFO  : FPGA configured successfully with bitstream "C:/Users/grcomerce/Desktop/LAB6/lab_6/lab_6.sdk/tutorial_bd_wrapper_hw_platform_0/tutorial_bd_wrapper.bit"
16:44:30 INFO  : Connected to target on host '127.0.0.1' and port '3121'.
16:44:30 INFO  : 'targets -set -filter {jtag_cable_name =~ "Digilent JTAG-SMT1 210203824654A" && level==0} -index 1' command is executed.
16:44:33 INFO  : FPGA configured successfully with bitstream "C:/LAB5CODE/download.bit"
16:45:59 ERROR : (XSDB Server)wrong # args: should be "source ?-encoding name? fileName"

16:47:09 ERROR : (XSDB Server)Already stopped

12:19:48 INFO  : Launching XSCT server: xsct.bat -interactive C:\Users\grcomerce\Desktop\LAB6\lab_6\lab_6.sdk\temp_xsdb_launch_script.tcl
12:19:51 INFO  : XSCT server has started successfully.
12:19:51 INFO  : Successfully done setting XSCT server connection channel  
12:19:54 INFO  : Successfully done setting SDK workspace  
12:19:57 INFO  : Registering command handlers for SDK TCF services
12:20:08 INFO  : Processing command line option -hwspec C:/Users/grcomerce/Desktop/LAB6/lab_6/lab_6.sdk/tutorial_bd_wrapper.hdf.
12:20:09 INFO  : Checking for hwspec changes in the project tutorial_bd_wrapper_hw_platform_0.
12:20:09 INFO  : SDK has detected change in the last modified timestamps for source hardware specification file Source:1540560886000,  Project:1540560884100
12:20:09 INFO  : The hardware specification for project 'tutorial_bd_wrapper_hw_platform_0' is different from C:/Users/grcomerce/Desktop/LAB6/lab_6/lab_6.sdk/tutorial_bd_wrapper.hdf.
12:20:09 INFO  : Copied contents of C:/Users/grcomerce/Desktop/LAB6/lab_6/lab_6.sdk/tutorial_bd_wrapper.hdf into \tutorial_bd_wrapper_hw_platform_0\system.hdf.
12:20:12 INFO  : Synchronizing projects in the workspace with the hardware platform specification changes.
12:20:12 INFO  : Clearing existing target manager status.
12:20:15 INFO  : Workspace synchronized with the new hardware specification file. Cleaning dependent projects...
12:20:15 WARN  : Linker script will not be updated automatically. Users need to update it manually.
12:23:46 ERROR : Checking FPGA configuration failed..Connection to Board Failed


    Unknown Error Occured
    Cable is not connected to the host

12:23:46 ERROR : Unexpected error while launching program.
com.xilinx.sdk.targetmanager.TMException: Connection to Board Failed


    Unknown Error Occured
    Cable is not connected to the host

	at com.xilinx.sdk.targetmanager.internal.TM.isFPGAConfigured(TM.java:374)
	at com.xilinx.sdk.debug.core.XilinxAppLaunchConfigurationDelegate.isFpgaConfigured(XilinxAppLaunchConfigurationDelegate.java:409)
	at com.xilinx.sdk.debug.core.XilinxAppLaunchConfigurationDelegate.launch(XilinxAppLaunchConfigurationDelegate.java:303)
	at com.xilinx.sdk.debug.ui.XilinxAppLaunchDelegateWrapper.launch(XilinxAppLaunchDelegateWrapper.java:31)
	at org.eclipse.debug.internal.core.LaunchConfiguration.launch(LaunchConfiguration.java:885)
	at org.eclipse.debug.internal.core.LaunchConfiguration.launch(LaunchConfiguration.java:739)
	at org.eclipse.debug.internal.ui.DebugUIPlugin.buildAndLaunch(DebugUIPlugin.java:1039)
	at org.eclipse.debug.internal.ui.DebugUIPlugin$8.run(DebugUIPlugin.java:1256)
	at org.eclipse.core.internal.jobs.Worker.run(Worker.java:55)
12:26:21 ERROR : Checking FPGA configuration failed..Connection to Board Failed


    Unknown Error Occured
    Cable is not connected to the host

12:26:21 ERROR : Unexpected error while launching program.
com.xilinx.sdk.targetmanager.TMException: Connection to Board Failed


    Unknown Error Occured
    Cable is not connected to the host

	at com.xilinx.sdk.targetmanager.internal.TM.isFPGAConfigured(TM.java:374)
	at com.xilinx.sdk.debug.core.XilinxAppLaunchConfigurationDelegate.isFpgaConfigured(XilinxAppLaunchConfigurationDelegate.java:409)
	at com.xilinx.sdk.debug.core.XilinxAppLaunchConfigurationDelegate.launch(XilinxAppLaunchConfigurationDelegate.java:303)
	at com.xilinx.sdk.debug.ui.XilinxAppLaunchDelegateWrapper.launch(XilinxAppLaunchDelegateWrapper.java:31)
	at org.eclipse.debug.internal.core.LaunchConfiguration.launch(LaunchConfiguration.java:885)
	at org.eclipse.debug.internal.core.LaunchConfiguration.launch(LaunchConfiguration.java:739)
	at org.eclipse.debug.internal.ui.DebugUIPlugin.buildAndLaunch(DebugUIPlugin.java:1039)
	at org.eclipse.debug.internal.ui.DebugUIPlugin$8.run(DebugUIPlugin.java:1256)
	at org.eclipse.core.internal.jobs.Worker.run(Worker.java:55)
12:27:27 ERROR : Checking FPGA configuration failed..Connection to Board Failed


    Unknown Error Occured
    Cable is not connected to the host

12:27:27 ERROR : Unexpected error while launching program.
com.xilinx.sdk.targetmanager.TMException: Connection to Board Failed


    Unknown Error Occured
    Cable is not connected to the host

	at com.xilinx.sdk.targetmanager.internal.TM.isFPGAConfigured(TM.java:374)
	at com.xilinx.sdk.debug.core.XilinxAppLaunchConfigurationDelegate.isFpgaConfigured(XilinxAppLaunchConfigurationDelegate.java:409)
	at com.xilinx.sdk.debug.core.XilinxAppLaunchConfigurationDelegate.launch(XilinxAppLaunchConfigurationDelegate.java:303)
	at com.xilinx.sdk.debug.ui.XilinxAppLaunchDelegateWrapper.launch(XilinxAppLaunchDelegateWrapper.java:31)
	at org.eclipse.debug.internal.core.LaunchConfiguration.launch(LaunchConfiguration.java:885)
	at org.eclipse.debug.internal.core.LaunchConfiguration.launch(LaunchConfiguration.java:739)
	at org.eclipse.debug.internal.ui.DebugUIPlugin.buildAndLaunch(DebugUIPlugin.java:1039)
	at org.eclipse.debug.internal.ui.DebugUIPlugin$8.run(DebugUIPlugin.java:1256)
	at org.eclipse.core.internal.jobs.Worker.run(Worker.java:55)
12:27:31 ERROR : Checking FPGA configuration failed..Connection to Board Failed


    Unknown Error Occured
    Cable is not connected to the host

12:27:31 ERROR : Unexpected error while launching program.
com.xilinx.sdk.targetmanager.TMException: Connection to Board Failed


    Unknown Error Occured
    Cable is not connected to the host

	at com.xilinx.sdk.targetmanager.internal.TM.isFPGAConfigured(TM.java:374)
	at com.xilinx.sdk.debug.core.XilinxAppLaunchConfigurationDelegate.isFpgaConfigured(XilinxAppLaunchConfigurationDelegate.java:409)
	at com.xilinx.sdk.debug.core.XilinxAppLaunchConfigurationDelegate.launch(XilinxAppLaunchConfigurationDelegate.java:303)
	at com.xilinx.sdk.debug.ui.XilinxAppLaunchDelegateWrapper.launch(XilinxAppLaunchDelegateWrapper.java:31)
	at org.eclipse.debug.internal.core.LaunchConfiguration.launch(LaunchConfiguration.java:885)
	at org.eclipse.debug.internal.core.LaunchConfiguration.launch(LaunchConfiguration.java:739)
	at org.eclipse.debug.internal.ui.DebugUIPlugin.buildAndLaunch(DebugUIPlugin.java:1039)
	at org.eclipse.debug.internal.ui.DebugUIPlugin$8.run(DebugUIPlugin.java:1256)
	at org.eclipse.core.internal.jobs.Worker.run(Worker.java:55)
12:31:06 INFO  : Connected to target on host '127.0.0.1' and port '3121'.
12:32:07 INFO  : Connected to target on host '127.0.0.1' and port '3121'.
12:33:50 INFO  : Connected to target on host '127.0.0.1' and port '3121'.
13:06:00 INFO  : Registering command handlers for SDK TCF services
13:06:00 INFO  : Launching XSCT server: xsct.bat -interactive D:\PetrovImportant\LAB6\lab_6\lab_6.sdk\temp_xsdb_launch_script.tcl
13:06:02 INFO  : XSCT server has started successfully.
13:06:02 INFO  : Successfully done setting XSCT server connection channel  
13:06:02 INFO  : Successfully done setting SDK workspace  
13:06:02 INFO  : Restoring global repository preferences: 
		 D:\DONTTOUCH\AES_design\petalinux_tar\petalinux-v2013.04-final-full.tar
		 D:\DONTTOUCH\AES_design\bsp
		 D:\DONTTOUCH\AES_design\bsp\hardware\reference-designs\Xilinx-ZC702-14.5
13:06:02 WARN  : Invalid repository path D:\DONTTOUCH\AES_design\petalinux_tar\petalinux-v2013.04-final-full.tar.
13:06:02 INFO  : Processing command line option -hwspec D:/PetrovImportant/LAB6/lab_6/lab_6.sdk/tutorial_bd_wrapper.hdf.
13:09:56 INFO  : Connected to target on host '127.0.0.1' and port '3121'.
13:09:56 INFO  : 'targets -set -filter {jtag_cable_name =~ "Digilent JTAG-SMT1 210203824634A" && level==0} -index 1' command is executed.
13:09:59 INFO  : FPGA configured successfully with bitstream "C:/LAB5CODE/download.bit"
13:12:45 INFO  : Connected to target on host '127.0.0.1' and port '3121'.
13:12:45 INFO  : 'targets -set -filter {jtag_cable_name =~ "Digilent JTAG-SMT1 210203824634A" && level==0} -index 1' command is executed.
13:12:47 INFO  : FPGA configured successfully with bitstream "C:/LAB5CODE/download.bit"
13:28:48 INFO  : Connected to target on host '127.0.0.1' and port '3121'.
13:28:49 INFO  : 'targets -set -filter {jtag_cable_name =~ "Digilent JTAG-SMT1 210203824634A" && level==0} -index 1' command is executed.
13:28:52 INFO  : FPGA configured successfully with bitstream "C:/LAB5CODE/download.bit"
14:17:06 INFO  : Launching XSCT server: xsct.bat -interactive C:\Vivado_Projets\LAB6\lab_6\lab_6.sdk\temp_xsdb_launch_script.tcl
14:17:08 INFO  : XSCT server has started successfully.
14:17:11 INFO  : Successfully done setting XSCT server connection channel  
14:17:11 INFO  : Successfully done setting SDK workspace  
14:17:13 INFO  : Registering command handlers for SDK TCF services
14:17:14 INFO  : Processing command line option -hwspec C:/Vivado_Projets/LAB6/lab_6/lab_6.sdk/tutorial_bd_wrapper.hdf.
15:14:29 INFO  : Launching XSCT server: xsct.bat -interactive C:\Users\grcomerce\Desktop\LAB6\lab_6\lab_6.sdk\temp_xsdb_launch_script.tcl
15:14:30 INFO  : XSCT server has started successfully.
15:14:33 INFO  : Successfully done setting XSCT server connection channel  
15:14:33 INFO  : Successfully done setting SDK workspace  
15:14:35 INFO  : Registering command handlers for SDK TCF services
15:14:36 INFO  : Restoring global repository preferences: 
		 D:\DONTTOUCH\AES_design\petalinux_tar\petalinux-v2013.04-final-full.tar
		 D:\DONTTOUCH\AES_design\bsp
		 D:\DONTTOUCH\AES_design\bsp\hardware\reference-designs\Xilinx-ZC702-14.5
15:14:36 WARN  : Invalid repository path D:\DONTTOUCH\AES_design\bsp\hardware\reference-designs\Xilinx-ZC702-14.5.
15:14:36 WARN  : Invalid repository path D:\DONTTOUCH\AES_design\bsp.
15:14:36 WARN  : Invalid repository path D:\DONTTOUCH\AES_design\petalinux_tar\petalinux-v2013.04-final-full.tar.
15:14:36 INFO  : Processing command line option -hwspec C:/Users/grcomerce/Desktop/LAB6/lab_6/lab_6.sdk/tutorial_bd_wrapper.hdf.
15:14:36 INFO  : Checking for hwspec changes in the project tutorial_bd_wrapper_hw_platform_0.
15:14:39 INFO  : SDK has detected change in the last modified timestamps for source hardware specification file Source:1540524886000,  Project:1540560886000
15:14:39 INFO  : The hardware specification for project 'tutorial_bd_wrapper_hw_platform_0' is different from C:/Users/grcomerce/Desktop/LAB6/lab_6/lab_6.sdk/tutorial_bd_wrapper.hdf.
15:14:39 INFO  : Copied contents of C:/Users/grcomerce/Desktop/LAB6/lab_6/lab_6.sdk/tutorial_bd_wrapper.hdf into \tutorial_bd_wrapper_hw_platform_0\system.hdf.
15:14:45 INFO  : Synchronizing projects in the workspace with the hardware platform specification changes.
15:14:48 INFO  : Clearing existing target manager status.
15:14:49 INFO  : Workspace synchronized with the new hardware specification file. Cleaning dependent projects...
15:14:49 WARN  : Linker script will not be updated automatically. Users need to update it manually.
15:17:41 ERROR : (XSDB Server)Memory write error at 0x400000. AP transaction timeout

15:17:47 ERROR : (XSDB Server)AP transaction error, DAP status f0000021

15:18:40 INFO  : Connected to target on host '127.0.0.1' and port '3121'.
15:18:40 INFO  : 'targets -set -filter {jtag_cable_name =~ "Digilent JTAG-SMT1 210203824634A" && level==0} -index 1' command is executed.
15:18:43 INFO  : FPGA configured successfully with bitstream "C:/Users/grcomerce/Desktop/LAB6/lab_6/lab_6.sdk/tutorial_bd_wrapper_hw_platform_0/tutorial_bd_wrapper.bit"
15:19:50 INFO  : Connected to target on host '127.0.0.1' and port '3121'.
15:19:51 INFO  : 'targets -set -filter {jtag_cable_name =~ "Digilent JTAG-SMT1 210203824634A" && level==0} -index 1' command is executed.
15:19:54 INFO  : FPGA configured successfully with bitstream "C:/Users/grcomerce/Desktop/LAB6/lab_6/lab_6.sdk/tutorial_bd_wrapper_hw_platform_0/tutorial_bd_wrapper.bit"
15:23:04 ERROR : (XSDB Server)AP transaction error, DAP status f0000021

15:23:04 ERROR : (XSDB Server)AP transaction error, DAP status f0000021

15:23:07 ERROR : (XSDB Server)AP transaction error, DAP status f0000021

15:23:47 INFO  : Connected to target on host '127.0.0.1' and port '3121'.
15:23:47 INFO  : 'targets -set -filter {jtag_cable_name =~ "Digilent JTAG-SMT1 210203824634A" && level==0} -index 1' command is executed.
15:23:50 INFO  : FPGA configured successfully with bitstream "C:/Users/grcomerce/Desktop/LAB6/lab_6/lab_6.sdk/tutorial_bd_wrapper_hw_platform_0/tutorial_bd_wrapper.bit"
15:26:43 ERROR : (XSDB Server)invalid command name "bootm"

15:54:43 INFO  : Launching XSCT server: xsct.bat -interactive C:\Users\grcomerce\Desktop\LAB6\lab_6\lab_6.sdk\temp_xsdb_launch_script.tcl
15:54:49 INFO  : XSCT server has started successfully.
15:54:52 INFO  : Successfully done setting XSCT server connection channel  
15:54:52 INFO  : Successfully done setting SDK workspace  
15:54:55 INFO  : Registering command handlers for SDK TCF services
15:55:06 INFO  : Restoring global repository preferences: 
		 D:\DONTTOUCH\AES_design\petalinux_tar\petalinux-v2013.04-final-full.tar
		 D:\DONTTOUCH\AES_design\bsp
		 D:\DONTTOUCH\AES_design\bsp\hardware\reference-designs\Xilinx-ZC702-14.5
15:55:06 WARN  : Invalid repository path D:\DONTTOUCH\AES_design\bsp\hardware\reference-designs\Xilinx-ZC702-14.5.
15:55:06 WARN  : Invalid repository path D:\DONTTOUCH\AES_design\bsp.
15:55:06 WARN  : Invalid repository path D:\DONTTOUCH\AES_design\petalinux_tar\petalinux-v2013.04-final-full.tar.
15:55:06 INFO  : Processing command line option -hwspec C:/Users/grcomerce/Desktop/LAB6/lab_6/lab_6.sdk/tutorial_bd_wrapper.hdf.
15:55:06 INFO  : Checking for hwspec changes in the project tutorial_bd_wrapper_hw_platform_0.
16:12:00 INFO  : Connected to target on host '127.0.0.1' and port '3121'.
16:12:02 INFO  : 'targets -set -filter {jtag_cable_name =~ "Digilent JTAG-SMT1 210203824634A" && level==0} -index 1' command is executed.
16:12:04 INFO  : FPGA configured successfully with bitstream "C:/LAB5CODE/download.bit"
16:15:27 INFO  : Connected to target on host '127.0.0.1' and port '3121'.
16:15:27 INFO  : 'targets -set -filter {jtag_cable_name =~ "Digilent JTAG-SMT1 210203824634A" && level==0} -index 1' command is executed.
16:15:30 INFO  : FPGA configured successfully with bitstream "C:/LAB5CODE/download.bit"
10:33:08 INFO  : Launching XSCT server: xsct.bat -interactive C:\Users\grcomerce\Desktop\LAB6\lab_6\lab_6.sdk\temp_xsdb_launch_script.tcl
10:33:09 INFO  : XSCT server has started successfully.
10:33:10 INFO  : Successfully done setting XSCT server connection channel  
10:33:10 INFO  : Successfully done setting SDK workspace  
10:33:11 INFO  : Registering command handlers for SDK TCF services
10:33:12 INFO  : Restoring global repository preferences: 
		 D:\DONTTOUCH\AES_design\petalinux_tar\petalinux-v2013.04-final-full.tar
		 D:\DONTTOUCH\AES_design\bsp
		 D:\DONTTOUCH\AES_design\bsp\hardware\reference-designs\Xilinx-ZC702-14.5
10:33:12 WARN  : Invalid repository path D:\DONTTOUCH\AES_design\bsp\hardware\reference-designs\Xilinx-ZC702-14.5.
10:33:12 WARN  : Invalid repository path D:\DONTTOUCH\AES_design\bsp.
10:33:12 WARN  : Invalid repository path D:\DONTTOUCH\AES_design\petalinux_tar\petalinux-v2013.04-final-full.tar.
10:33:12 INFO  : Processing command line option -hwspec C:/Users/grcomerce/Desktop/LAB6/lab_6/lab_6.sdk/tutorial_bd_wrapper.hdf.
10:33:12 INFO  : Checking for hwspec changes in the project tutorial_bd_wrapper_hw_platform_0.
10:59:26 INFO  : Launching XSCT server: xsct.bat -interactive C:\Users\grcomerce\Desktop\LAB6\lab_6\lab_6.sdk\temp_xsdb_launch_script.tcl
10:59:27 INFO  : XSCT server has started successfully.
10:59:29 INFO  : Successfully done setting XSCT server connection channel  
10:59:29 INFO  : Successfully done setting SDK workspace  
10:59:30 INFO  : Registering command handlers for SDK TCF services
10:59:30 INFO  : Restoring global repository preferences: 
		 D:\DONTTOUCH\AES_design\petalinux_tar\petalinux-v2013.04-final-full.tar
		 D:\DONTTOUCH\AES_design\bsp
		 D:\DONTTOUCH\AES_design\bsp\hardware\reference-designs\Xilinx-ZC702-14.5
10:59:30 WARN  : Invalid repository path D:\DONTTOUCH\AES_design\bsp\hardware\reference-designs\Xilinx-ZC702-14.5.
10:59:30 WARN  : Invalid repository path D:\DONTTOUCH\AES_design\bsp.
10:59:30 WARN  : Invalid repository path D:\DONTTOUCH\AES_design\petalinux_tar\petalinux-v2013.04-final-full.tar.
10:59:30 INFO  : Processing command line option -hwspec C:/Users/grcomerce/Desktop/LAB6/lab_6/lab_6.sdk/tutorial_bd_wrapper.hdf.
10:59:30 INFO  : Checking for hwspec changes in the project tutorial_bd_wrapper_hw_platform_0.
11:02:42 INFO  : Connected to target on host '127.0.0.1' and port '3121'.
11:02:42 INFO  : 'targets -set -filter {jtag_cable_name =~ "Digilent JTAG-SMT1 210203824634A" && level==0} -index 1' command is executed.
11:02:44 INFO  : FPGA configured successfully with bitstream "C:/LAB5CODE/download.bit"
11:07:47 ERROR : (XSDB Server)wrong # args: should be "source ?-encoding name? fileName"

11:40:18 ERROR : (XSDB Server)invalid command name "tas"

11:40:45 ERROR : (XSDB Server)Memory write error at 0x400000. MMU section translation fault

11:40:53 ERROR : (XSDB Server)Memory write error at 0x400000. MMU section translation fault

11:40:57 ERROR : (XSDB Server)Memory write error at 0x400000. MMU section translation fault

11:41:28 ERROR : (XSDB Server)Memory write error at 0x400000. MMU section translation fault

11:41:41 ERROR : (XSDB Server)Memory write error at 0x400000. MMU section translation fault

12:33:04 INFO  : Launching XSCT server: xsct.bat -interactive C:\Users\grcomerce\Desktop\LAB6\lab_6\lab_6.sdk\temp_xsdb_launch_script.tcl
12:33:05 INFO  : XSCT server has started successfully.
12:33:07 INFO  : Successfully done setting XSCT server connection channel  
12:33:07 INFO  : Successfully done setting SDK workspace  
12:33:08 INFO  : Registering command handlers for SDK TCF services
12:33:08 INFO  : Restoring global repository preferences: 
		 D:\DONTTOUCH\AES_design\petalinux_tar\petalinux-v2013.04-final-full.tar
		 D:\DONTTOUCH\AES_design\bsp
		 D:\DONTTOUCH\AES_design\bsp\hardware\reference-designs\Xilinx-ZC702-14.5
12:33:08 WARN  : Invalid repository path D:\DONTTOUCH\AES_design\bsp\hardware\reference-designs\Xilinx-ZC702-14.5.
12:33:08 WARN  : Invalid repository path D:\DONTTOUCH\AES_design\bsp.
12:33:08 WARN  : Invalid repository path D:\DONTTOUCH\AES_design\petalinux_tar\petalinux-v2013.04-final-full.tar.
12:33:08 INFO  : Processing command line option -hwspec C:/Users/grcomerce/Desktop/LAB6/lab_6/lab_6.sdk/tutorial_bd_wrapper.hdf.
12:33:08 INFO  : Checking for hwspec changes in the project tutorial_bd_wrapper_hw_platform_0.
10:16:30 INFO  : Launching XSCT server: xsct.bat -interactive C:\Users\grcomerce\Desktop\LAB6\lab_6\lab_6.sdk\temp_xsdb_launch_script.tcl
10:16:38 INFO  : XSCT server has started successfully.
10:16:38 INFO  : Successfully done setting XSCT server connection channel  
10:16:39 INFO  : Successfully done setting SDK workspace  
10:16:46 INFO  : Registering command handlers for SDK TCF services
10:16:54 INFO  : Restoring global repository preferences: 
		 D:\DONTTOUCH\AES_design\petalinux_tar\petalinux-v2013.04-final-full.tar
		 D:\DONTTOUCH\AES_design\bsp
		 D:\DONTTOUCH\AES_design\bsp\hardware\reference-designs\Xilinx-ZC702-14.5
10:16:54 WARN  : Invalid repository path D:\DONTTOUCH\AES_design\bsp\hardware\reference-designs\Xilinx-ZC702-14.5.
10:16:54 WARN  : Invalid repository path D:\DONTTOUCH\AES_design\bsp.
10:16:54 WARN  : Invalid repository path D:\DONTTOUCH\AES_design\petalinux_tar\petalinux-v2013.04-final-full.tar.
10:16:54 INFO  : Processing command line option -hwspec C:/Users/grcomerce/Desktop/LAB6/lab_6/lab_6.sdk/tutorial_bd_wrapper.hdf.
10:16:54 INFO  : Checking for hwspec changes in the project tutorial_bd_wrapper_hw_platform_0.
10:20:23 INFO  : Connected to target on host '127.0.0.1' and port '3121'.
10:20:24 INFO  : 'targets -set -filter {jtag_cable_name =~ "Digilent JTAG-SMT1 210203824634A" && level==0} -index 1' command is executed.
10:20:26 INFO  : FPGA configured successfully with bitstream "C:/Users/grcomerce/Desktop/LAB6/lab_6/lab_6.sdk/tutorial_bd_wrapper_hw_platform_1/tutorial_bd_wrapper.bit"
10:49:26 ERROR : (XSDB Server)invalid command name "root"

11:14:40 INFO  : Launching XSCT server: xsct.bat -interactive C:\Users\grcomerce\Desktop\LAB6\lab_6\lab_6.sdk\temp_xsdb_launch_script.tcl
11:14:41 INFO  : XSCT server has started successfully.
11:14:41 INFO  : Successfully done setting XSCT server connection channel  
11:14:42 INFO  : Successfully done setting SDK workspace  
11:14:43 INFO  : Registering command handlers for SDK TCF services
11:14:44 INFO  : Restoring global repository preferences: 
		 D:\DONTTOUCH\AES_design\petalinux_tar\petalinux-v2013.04-final-full.tar
		 D:\DONTTOUCH\AES_design\bsp
		 D:\DONTTOUCH\AES_design\bsp\hardware\reference-designs\Xilinx-ZC702-14.5
11:14:44 WARN  : Invalid repository path D:\DONTTOUCH\AES_design\bsp\hardware\reference-designs\Xilinx-ZC702-14.5.
11:14:44 WARN  : Invalid repository path D:\DONTTOUCH\AES_design\bsp.
11:14:44 WARN  : Invalid repository path D:\DONTTOUCH\AES_design\petalinux_tar\petalinux-v2013.04-final-full.tar.
11:14:44 INFO  : Processing command line option -hwspec C:/Users/grcomerce/Desktop/LAB6/lab_6/lab_6.sdk/tutorial_bd_wrapper.hdf.
11:14:44 INFO  : Checking for hwspec changes in the project tutorial_bd_wrapper_hw_platform_0.
11:15:06 ERROR : (XSDB Server)Invalid target. Use "connect" command to connect to hw_server/TCF agent

11:38:02 ERROR : (XSDB Server)invalid command name "sf"

11:39:28 INFO  : Connected to target on host '127.0.0.1' and port '3121'.
11:39:28 INFO  : 'targets -set -filter {jtag_cable_name =~ "Digilent JTAG-SMT1 210203824634A" && level==0} -index 1' command is executed.
11:39:31 INFO  : FPGA configured successfully with bitstream "C:/Users/grcomerce/Desktop/LAB6/lab_6/lab_6.sdk/tutorial_bd_wrapper_hw_platform_1/tutorial_bd_wrapper.bit"
12:15:50 INFO  : Connected to target on host '127.0.0.1' and port '3121'.
12:15:50 INFO  : 'targets -set -filter {jtag_cable_name =~ "Digilent JTAG-SMT1 210203824634A" && level==0} -index 1' command is executed.
12:15:52 INFO  : FPGA configured successfully with bitstream "C:/Users/grcomerce/Desktop/LAB6/lab_6/lab_6.sdk/tutorial_bd_wrapper_hw_platform_1/tutorial_bd_wrapper.bit"
10:24:19 INFO  : Launching XSCT server: xsct.bat -interactive C:\Users\grcomerce\Desktop\LAB6\lab_6\lab_6.sdk\temp_xsdb_launch_script.tcl
10:24:26 INFO  : XSCT server has started successfully.
10:24:29 INFO  : Successfully done setting XSCT server connection channel  
10:24:29 INFO  : Successfully done setting SDK workspace  
10:24:38 INFO  : Registering command handlers for SDK TCF services
10:25:07 INFO  : Restoring global repository preferences: 
		 D:\DONTTOUCH\AES_design\petalinux_tar\petalinux-v2013.04-final-full.tar
		 D:\DONTTOUCH\AES_design\bsp
		 D:\DONTTOUCH\AES_design\bsp\hardware\reference-designs\Xilinx-ZC702-14.5
10:25:07 WARN  : Invalid repository path D:\DONTTOUCH\AES_design\bsp\hardware\reference-designs\Xilinx-ZC702-14.5.
10:25:07 WARN  : Invalid repository path D:\DONTTOUCH\AES_design\bsp.
10:25:07 WARN  : Invalid repository path D:\DONTTOUCH\AES_design\petalinux_tar\petalinux-v2013.04-final-full.tar.
10:25:07 INFO  : Processing command line option -hwspec C:/Users/grcomerce/Desktop/LAB6/lab_6/lab_6.sdk/tutorial_bd_wrapper.hdf.
10:25:13 INFO  : Checking for hwspec changes in the project tutorial_bd_wrapper_hw_platform_0.
10:28:45 ERROR : (XSDB Server)invalid command name "root"

