#-----------------------------------------------------------
# Webtalk v2016.3 (64-bit)
# SW Build 1682563 on Mon Oct 10 19:07:27 MDT 2016
# 
# Start of session at: Thu Nov 29 13:39:39 2018
# Process ID: 3100
# Current directory: D:/PetrovImportant/LAB6/lab_6/lab_6.sdk/webtalk
# Command line: wbtcv.exe -mode batch -source sdk_webtalk.tcl
# Log file: D:/PetrovImportant/LAB6/lab_6/lab_6.sdk/webtalk/webtalk.log
# Journal file: D:/PetrovImportant/LAB6/lab_6/lab_6.sdk/webtalk\webtalk.jou
#-----------------------------------------------------------
source sdk_webtalk.tcl
# webtalk_init -webtalk_dir D:\\PetrovImportant\\LAB6\\lab_6\\lab_6.sdk\\webtalk
# webtalk_register_client -client project
# webtalk_add_data -client project -key date_generated -value "2018-11-29 13:39:38" -context "software_version_and_target_device"
# webtalk_add_data -client project -key product_version -value "SDK v2016.3" -context "software_version_and_target_device"
# webtalk_add_data -client project -key build_version -value "2016.3" -context "software_version_and_target_device"
# webtalk_add_data -client project -key os_platform -value "amd64" -context "software_version_and_target_device"
# webtalk_add_data -client project -key registration_id -value "210981933_1777504801_0_907" -context "software_version_and_target_device"
# webtalk_add_data -client project -key tool_flow -value "SDK" -context "software_version_and_target_device"
# webtalk_add_data -client project -key beta -value "false" -context "software_version_and_target_device"
# webtalk_add_data -client project -key route_design -value "NA" -context "software_version_and_target_device"
# webtalk_add_data -client project -key target_family -value "NA" -context "software_version_and_target_device"
# webtalk_add_data -client project -key target_device -value "NA" -context "software_version_and_target_device"
# webtalk_add_data -client project -key target_package -value "NA" -context "software_version_and_target_device"
# webtalk_add_data -client project -key target_speed -value "NA" -context "software_version_and_target_device"
# webtalk_add_data -client project -key random_id -value "s1jj22q71ehmrde1bbl7hg9atk" -context "software_version_and_target_device"
# webtalk_add_data -client project -key project_id -value "2016.3_157" -context "software_version_and_target_device"
# webtalk_add_data -client project -key project_iteration -value "157" -context "software_version_and_target_device"
# webtalk_add_data -client project -key os_name -value "Microsoft Windows 7 , 64-bit" -context "user_environment"
# webtalk_add_data -client project -key os_release -value "Service Pack 1  (build 7601)" -context "user_environment"
# webtalk_add_data -client project -key cpu_name -value "Intel(R) Core(TM) i7-6700K CPU @ 4.00GHz" -context "user_environment"
# webtalk_add_data -client project -key cpu_speed -value "4008 MHz" -context "user_environment"
# webtalk_add_data -client project -key total_processors -value "1" -context "user_environment"
# webtalk_add_data -client project -key system_ram -value "8.000 GB" -context "user_environment"
# webtalk_register_client -client sdk
# webtalk_add_data -client sdk -key uid -value "1543485964242" -context "sdk\\\\hardware/1543485964242"
# webtalk_add_data -client sdk -key isZynq -value "true" -context "sdk\\\\hardware/1543485964242"
# webtalk_add_data -client sdk -key isZynqMP -value "false" -context "sdk\\\\hardware/1543485964242"
# webtalk_add_data -client sdk -key Processors -value "2" -context "sdk\\\\hardware/1543485964242"
# webtalk_add_data -client sdk -key VivadoVersion -value "2016.3" -context "sdk\\\\hardware/1543485964242"
# webtalk_add_data -client sdk -key Arch -value "zynq" -context "sdk\\\\hardware/1543485964242"
# webtalk_add_data -client sdk -key Device -value "7z020" -context "sdk\\\\hardware/1543485964242"
# webtalk_add_data -client sdk -key IsHandoff -value "true" -context "sdk\\\\hardware/1543485964242"
# webtalk_add_data -client sdk -key os -value "NA" -context "sdk\\\\hardware/1543485964242"
# webtalk_add_data -client sdk -key apptemplate -value "NA" -context "sdk\\\\hardware/1543485964242"
# webtalk_add_data -client sdk -key RecordType -value "HWCreation" -context "sdk\\\\hardware/1543485964242"
# webtalk_add_data -client sdk -key uid -value "NA" -context "sdk\\\\bsp/1543487978402"
# webtalk_add_data -client sdk -key RecordType -value "ToolUsage" -context "sdk\\\\bsp/1543487978402"
# webtalk_add_data -client sdk -key BootgenCount -value "0" -context "sdk\\\\bsp/1543487978402"
# webtalk_add_data -client sdk -key DebugCount -value "0" -context "sdk\\\\bsp/1543487978402"
# webtalk_add_data -client sdk -key PerfCount -value "0" -context "sdk\\\\bsp/1543487978402"
# webtalk_add_data -client sdk -key FlashCount -value "0" -context "sdk\\\\bsp/1543487978402"
# webtalk_add_data -client sdk -key CrossTriggCount -value "0" -context "sdk\\\\bsp/1543487978402"
# webtalk_add_data -client sdk -key QemuDebugCount -value "0" -context "sdk\\\\bsp/1543487978402"
# webtalk_transmit -clientid 3372687084 -regid "210981933_1777504801_0_907" -xml D:\\PetrovImportant\\LAB6\\lab_6\\lab_6.sdk\\webtalk\\usage_statistics_ext_sdk.xml -html D:\\PetrovImportant\\LAB6\\lab_6\\lab_6.sdk\\webtalk\\usage_statistics_ext_sdk.html -wdm D:\\PetrovImportant\\LAB6\\lab_6\\lab_6.sdk\\webtalk\\sdk_webtalk.wdm -intro "<H3>SDK Usage Report</H3><BR>"
