16:40:07 INFO  : Registering command handlers for SDK TCF services
16:40:07 INFO  : Launching XSCT server: xsct.bat -interactive D:\vivado\Lab2\Lab2.sdk\temp_xsdb_launch_script.tcl
16:40:08 INFO  : XSCT server has started successfully.
16:40:08 INFO  : Successfully done setting XSCT server connection channel  
16:40:08 INFO  : Successfully done setting SDK workspace  
16:40:08 INFO  : Processing command line option -hwspec D:/vivado/Lab2/Lab2.sdk/PS_system_wrapper.hdf.
19:03:53 INFO  : Registering command handlers for SDK TCF services
19:03:53 INFO  : Launching XSCT server: xsct.bat -interactive D:\vivado\Lab2\Lab2.sdk\temp_xsdb_launch_script.tcl
19:03:55 INFO  : XSCT server has started successfully.
19:03:57 INFO  : Successfully done setting XSCT server connection channel  
19:03:57 INFO  : Successfully done setting SDK workspace  
19:03:57 INFO  : Processing command line option -hwspec D:/vivado/Lab2/Lab2.sdk/PS_system_wrapper.hdf.
19:03:57 INFO  : Checking for hwspec changes in the project PS_system_wrapper_hw_platform_0.
21:06:27 INFO  : Registering command handlers for SDK TCF services
21:06:27 INFO  : Launching XSCT server: xsct.bat -interactive D:\vivado\Lab2\Lab2.sdk\temp_xsdb_launch_script.tcl
21:06:30 INFO  : XSCT server has started successfully.
21:06:30 INFO  : Successfully done setting XSCT server connection channel  
21:06:30 INFO  : Successfully done setting SDK workspace  
21:06:30 INFO  : Processing command line option -hwspec D:/vivado/Lab2/Lab2.sdk/PS_system_wrapper.hdf.
21:06:30 INFO  : Checking for hwspec changes in the project PS_system_wrapper_hw_platform_0.
21:06:32 INFO  : SDK has detected change in the last modified timestamps for source hardware specification file Source:1664387460413,  Project:1663248906615
21:06:32 INFO  : The hardware specification for project 'PS_system_wrapper_hw_platform_0' is different from D:/vivado/Lab2/Lab2.sdk/PS_system_wrapper.hdf.
21:06:32 INFO  : Copied contents of D:/vivado/Lab2/Lab2.sdk/PS_system_wrapper.hdf into \PS_system_wrapper_hw_platform_0\system.hdf.
21:06:58 INFO  : Synchronizing projects in the workspace with the hardware platform specification changes.
21:07:00 INFO  : 
21:07:01 INFO  : Updating hardware inferred compiler options for Lab2_PSPL.
21:07:01 INFO  : Clearing existing target manager status.
21:07:03 INFO  : Workspace synchronized with the new hardware specification file. Cleaning dependent projects...
21:07:03 WARN  : Linker script will not be updated automatically. Users need to update it manually.
21:18:27 ERROR : Unexpected error while parsing XMD response ?: com.google.gson.JsonSyntaxException: com.google.gson.stream.MalformedJsonException: invalid number or unquoted string near 
15:37:28 INFO  : Registering command handlers for SDK TCF services
15:37:29 INFO  : Launching XSCT server: xsct.bat -interactive D:\vivado\Lab2\Lab2.sdk\temp_xsdb_launch_script.tcl
15:37:31 INFO  : XSCT server has started successfully.
15:37:31 INFO  : Successfully done setting XSCT server connection channel  
15:37:31 INFO  : Successfully done setting SDK workspace  
15:37:31 INFO  : Processing command line option -hwspec D:/vivado/Lab2/Lab2.sdk/PS_system_wrapper.hdf.
15:37:31 INFO  : Checking for hwspec changes in the project PS_system_wrapper_hw_platform_0.
15:37:34 INFO  : SDK has detected change in the last modified timestamps for source hardware specification file Source:1664541352453,  Project:1664387460413
15:37:34 INFO  : The hardware specification for project 'PS_system_wrapper_hw_platform_0' is different from D:/vivado/Lab2/Lab2.sdk/PS_system_wrapper.hdf.
15:37:34 INFO  : Copied contents of D:/vivado/Lab2/Lab2.sdk/PS_system_wrapper.hdf into \PS_system_wrapper_hw_platform_0\system.hdf.
15:37:38 INFO  : Synchronizing projects in the workspace with the hardware platform specification changes.
15:37:42 INFO  : 
15:37:43 INFO  : Updating hardware inferred compiler options for Lab2_PSPL.
15:37:43 INFO  : Clearing existing target manager status.
15:37:44 INFO  : Workspace synchronized with the new hardware specification file. Cleaning dependent projects...
15:37:45 WARN  : Linker script will not be updated automatically. Users need to update it manually.
15:51:24 INFO  : Connected to target on host '127.0.0.1' and port '3121'.
15:51:25 INFO  : Jtag cable 'Digilent JTAG-SMT1 210203824634A' is selected.
15:51:25 INFO  : 'jtag frequency' command is executed.
15:51:25 INFO  : Sourcing of 'D:/vivado/Lab2/Lab2.sdk/PS_system_wrapper_hw_platform_0/ps7_init.tcl' is done.
15:51:26 INFO  : Context for 'APU' is selected.
15:51:26 INFO  : System reset is completed.
15:51:29 INFO  : 'after 3000' command is executed.
15:51:29 INFO  : 'targets -set -filter {jtag_cable_name =~ "Digilent JTAG-SMT1 210203824634A" && level==0} -index 1' command is executed.
15:51:32 INFO  : FPGA configured successfully with bitstream "D:/vivado/Lab2/Lab2.sdk/PS_system_wrapper_hw_platform_0/PS_system_wrapper.bit"
15:51:32 INFO  : Context for 'APU' is selected.
15:51:32 INFO  : Hardware design information is loaded from 'D:/vivado/Lab2/Lab2.sdk/PS_system_wrapper_hw_platform_0/system.hdf'.
15:51:32 INFO  : Context for 'APU' is selected.
15:51:34 INFO  : 'ps7_init' command is executed.
15:51:34 INFO  : 'ps7_post_config' command is executed.
15:51:35 INFO  : Context for processor 'ps7_cortexa9_0' is selected.
15:51:35 INFO  : The application 'D:/vivado/Lab2/Lab2.sdk/Lab2_PSPL/Debug/Lab2_PSPL.elf' is downloaded to processor 'ps7_cortexa9_0'.
15:51:35 INFO  : ----------------XSDB Script----------------
connect -url tcp:127.0.0.1:3121
source D:/vivado/Lab2/Lab2.sdk/PS_system_wrapper_hw_platform_0/ps7_init.tcl
targets -set -nocase -filter {name =~"APU*" && jtag_cable_name =~ "Digilent JTAG-SMT1 210203824634A"} -index 0
rst -system
after 3000
targets -set -filter {jtag_cable_name =~ "Digilent JTAG-SMT1 210203824634A" && level==0} -index 1
fpga -file D:/vivado/Lab2/Lab2.sdk/PS_system_wrapper_hw_platform_0/PS_system_wrapper.bit
targets -set -nocase -filter {name =~"APU*" && jtag_cable_name =~ "Digilent JTAG-SMT1 210203824634A"} -index 0
loadhw D:/vivado/Lab2/Lab2.sdk/PS_system_wrapper_hw_platform_0/system.hdf
targets -set -nocase -filter {name =~"APU*" && jtag_cable_name =~ "Digilent JTAG-SMT1 210203824634A"} -index 0
ps7_init
ps7_post_config
targets -set -nocase -filter {name =~ "ARM*#0" && jtag_cable_name =~ "Digilent JTAG-SMT1 210203824634A"} -index 0
dow D:/vivado/Lab2/Lab2.sdk/Lab2_PSPL/Debug/Lab2_PSPL.elf
----------------End of Script----------------

15:51:35 INFO  : Memory regions updated for context APU
15:51:35 INFO  : Context for processor 'ps7_cortexa9_0' is selected.
15:51:35 INFO  : 'con' command is executed.
15:51:35 INFO  : ----------------XSDB Script (After Launch)----------------
targets -set -nocase -filter {name =~ "ARM*#0" && jtag_cable_name =~ "Digilent JTAG-SMT1 210203824634A"} -index 0
con
----------------End of Script----------------

15:51:35 INFO  : Launch script is exported to file 'D:\vivado\Lab2\Lab2.sdk\.sdk\launch_scripts\xilinx_c-c++_application_(system_debugger)\system_debugger_using_debug_lab2_pspl.elf_on_local.tcl'
04:21:13 INFO  : Registering command handlers for SDK TCF services
04:21:14 INFO  : Launching XSCT server: xsct.bat -interactive D:\lab2\lab2.sdk\temp_xsdb_launch_script.tcl
04:21:18 INFO  : XSCT server has started successfully.
04:21:18 INFO  : Successfully done setting XSCT server connection channel  
04:21:23 INFO  : Processing command line option -hwspec D:/lab2/lab2.sdk/PS_system_wrapper.hdf.
04:21:23 INFO  : Successfully done setting SDK workspace  
14:38:49 INFO  : Launching XSCT server: xsct.bat -interactive E:\lab2\lab2.sdk\temp_xsdb_launch_script.tcl
14:38:50 INFO  : XSCT server has started successfully.
14:39:38 INFO  : Successfully done setting XSCT server connection channel  
14:39:38 INFO  : Successfully done setting SDK workspace  
14:39:40 INFO  : Registering command handlers for SDK TCF services
14:39:41 INFO  : Processing command line option -hwspec E:/lab2/lab2.sdk/PS_system_wrapper.hdf.
14:43:08 INFO  : Connected to target on host '127.0.0.1' and port '3121'.
14:43:14 INFO  : Jtag cable 'Digilent JTAG-SMT1 210203824656A' is selected.
14:43:14 INFO  : 'jtag frequency' command is executed.
14:43:14 INFO  : Sourcing of 'E:/lab2/lab2.sdk/PS_system_wrapper_hw_platform_0/ps7_init.tcl' is done.
14:43:14 INFO  : Context for 'APU' is selected.
14:43:15 INFO  : System reset is completed.
14:43:18 INFO  : 'after 3000' command is executed.
14:43:19 INFO  : 'targets -set -filter {jtag_cable_name =~ "Digilent JTAG-SMT1 210203824656A" && level==0} -index 1' command is executed.
14:43:22 INFO  : FPGA configured successfully with bitstream "E:/lab2/lab2.sdk/PS_system_wrapper_hw_platform_0/PS_system_wrapper.bit"
14:43:22 INFO  : Context for 'APU' is selected.
14:43:22 INFO  : Hardware design information is loaded from 'E:/lab2/lab2.sdk/PS_system_wrapper_hw_platform_0/system.hdf'.
14:43:22 INFO  : Context for 'APU' is selected.
14:43:23 INFO  : 'ps7_init' command is executed.
14:43:23 INFO  : 'ps7_post_config' command is executed.
14:43:23 INFO  : Context for processor 'ps7_cortexa9_0' is selected.
14:43:23 INFO  : The application 'E:/lab2/lab2.sdk/Lab2_PSPL/Debug/Lab2_PSPL.elf' is downloaded to processor 'ps7_cortexa9_0'.
14:43:23 INFO  : ----------------XSDB Script----------------
connect -url tcp:127.0.0.1:3121
source E:/lab2/lab2.sdk/PS_system_wrapper_hw_platform_0/ps7_init.tcl
targets -set -nocase -filter {name =~"APU*" && jtag_cable_name =~ "Digilent JTAG-SMT1 210203824656A"} -index 0
rst -system
after 3000
targets -set -filter {jtag_cable_name =~ "Digilent JTAG-SMT1 210203824656A" && level==0} -index 1
fpga -file E:/lab2/lab2.sdk/PS_system_wrapper_hw_platform_0/PS_system_wrapper.bit
targets -set -nocase -filter {name =~"APU*" && jtag_cable_name =~ "Digilent JTAG-SMT1 210203824656A"} -index 0
loadhw E:/lab2/lab2.sdk/PS_system_wrapper_hw_platform_0/system.hdf
targets -set -nocase -filter {name =~"APU*" && jtag_cable_name =~ "Digilent JTAG-SMT1 210203824656A"} -index 0
ps7_init
ps7_post_config
targets -set -nocase -filter {name =~ "ARM*#0" && jtag_cable_name =~ "Digilent JTAG-SMT1 210203824656A"} -index 0
dow E:/lab2/lab2.sdk/Lab2_PSPL/Debug/Lab2_PSPL.elf
----------------End of Script----------------

14:43:23 INFO  : Memory regions updated for context APU
14:43:23 INFO  : Context for processor 'ps7_cortexa9_0' is selected.
14:43:23 INFO  : 'con' command is executed.
14:43:23 INFO  : ----------------XSDB Script (After Launch)----------------
targets -set -nocase -filter {name =~ "ARM*#0" && jtag_cable_name =~ "Digilent JTAG-SMT1 210203824656A"} -index 0
con
----------------End of Script----------------

14:43:23 INFO  : Launch script is exported to file 'E:\lab2\lab2.sdk\.sdk\launch_scripts\xilinx_c-c++_application_(system_debugger)\system_debugger_using_debug_lab2_pspl.elf_on_local.tcl'
14:45:40 INFO  : Disconnected from the channel tcfchan#1.
14:45:41 INFO  : Connected to target on host '127.0.0.1' and port '3121'.
14:45:42 INFO  : Jtag cable 'Digilent JTAG-SMT1 210203824656A' is selected.
14:45:42 INFO  : 'jtag frequency' command is executed.
14:45:42 INFO  : Sourcing of 'E:/lab2/lab2.sdk/PS_system_wrapper_hw_platform_0/ps7_init.tcl' is done.
14:45:42 INFO  : Context for 'APU' is selected.
14:45:42 INFO  : System reset is completed.
14:45:45 INFO  : 'after 3000' command is executed.
14:45:45 INFO  : 'targets -set -filter {jtag_cable_name =~ "Digilent JTAG-SMT1 210203824656A" && level==0} -index 1' command is executed.
14:45:47 INFO  : FPGA configured successfully with bitstream "E:/lab2/lab2.sdk/PS_system_wrapper_hw_platform_0/PS_system_wrapper.bit"
14:45:47 INFO  : Context for 'APU' is selected.
14:45:47 INFO  : Hardware design information is loaded from 'E:/lab2/lab2.sdk/PS_system_wrapper_hw_platform_0/system.hdf'.
14:45:47 INFO  : Context for 'APU' is selected.
14:45:48 INFO  : 'ps7_init' command is executed.
14:45:48 INFO  : 'ps7_post_config' command is executed.
14:45:48 INFO  : Context for processor 'ps7_cortexa9_0' is selected.
14:45:49 INFO  : The application 'E:/lab2/lab2.sdk/Lab2_PSPL/Debug/Lab2_PSPL.elf' is downloaded to processor 'ps7_cortexa9_0'.
14:45:49 INFO  : ----------------XSDB Script----------------
connect -url tcp:127.0.0.1:3121
source E:/lab2/lab2.sdk/PS_system_wrapper_hw_platform_0/ps7_init.tcl
targets -set -nocase -filter {name =~"APU*" && jtag_cable_name =~ "Digilent JTAG-SMT1 210203824656A"} -index 0
rst -system
after 3000
targets -set -filter {jtag_cable_name =~ "Digilent JTAG-SMT1 210203824656A" && level==0} -index 1
fpga -file E:/lab2/lab2.sdk/PS_system_wrapper_hw_platform_0/PS_system_wrapper.bit
targets -set -nocase -filter {name =~"APU*" && jtag_cable_name =~ "Digilent JTAG-SMT1 210203824656A"} -index 0
loadhw E:/lab2/lab2.sdk/PS_system_wrapper_hw_platform_0/system.hdf
targets -set -nocase -filter {name =~"APU*" && jtag_cable_name =~ "Digilent JTAG-SMT1 210203824656A"} -index 0
ps7_init
ps7_post_config
targets -set -nocase -filter {name =~ "ARM*#0" && jtag_cable_name =~ "Digilent JTAG-SMT1 210203824656A"} -index 0
dow E:/lab2/lab2.sdk/Lab2_PSPL/Debug/Lab2_PSPL.elf
----------------End of Script----------------

14:45:49 INFO  : Memory regions updated for context APU
14:45:49 INFO  : Context for processor 'ps7_cortexa9_0' is selected.
14:45:49 INFO  : 'con' command is executed.
14:45:49 INFO  : ----------------XSDB Script (After Launch)----------------
targets -set -nocase -filter {name =~ "ARM*#0" && jtag_cable_name =~ "Digilent JTAG-SMT1 210203824656A"} -index 0
con
----------------End of Script----------------

14:45:49 INFO  : Launch script is exported to file 'E:\lab2\lab2.sdk\.sdk\launch_scripts\xilinx_c-c++_application_(system_debugger)\system_debugger_using_debug_lab2_pspl.elf_on_local.tcl'
14:47:04 INFO  : Disconnected from the channel tcfchan#2.
14:47:07 INFO  : Connected to target on host '127.0.0.1' and port '3121'.
14:47:10 INFO  : ----------------XSDB Script----------------
connect -url tcp:127.0.0.1:3121
----------------End of Script----------------

14:47:13 INFO  : Memory regions updated for context APU
14:47:26 INFO  : Connected to target on host '127.0.0.1' and port '3121'.
14:47:26 INFO  : Jtag cable 'Digilent JTAG-SMT1 210203824656A' is selected.
14:47:26 INFO  : 'jtag frequency' command is executed.
14:47:26 INFO  : Sourcing of 'E:/lab2/lab2.sdk/PS_system_wrapper_hw_platform_0/ps7_init.tcl' is done.
14:47:27 INFO  : Context for 'APU' is selected.
14:47:27 INFO  : System reset is completed.
14:47:30 INFO  : 'after 3000' command is executed.
14:47:31 INFO  : 'targets -set -filter {jtag_cable_name =~ "Digilent JTAG-SMT1 210203824656A" && level==0} -index 1' command is executed.
14:47:33 INFO  : FPGA configured successfully with bitstream "E:/lab2/lab2.sdk/PS_system_wrapper_hw_platform_0/PS_system_wrapper.bit"
14:47:34 INFO  : Context for 'APU' is selected.
14:47:34 INFO  : Hardware design information is loaded from 'E:/lab2/lab2.sdk/PS_system_wrapper_hw_platform_0/system.hdf'.
14:47:34 INFO  : Context for 'APU' is selected.
14:47:34 INFO  : 'ps7_init' command is executed.
14:47:34 INFO  : 'ps7_post_config' command is executed.
14:47:34 INFO  : Context for processor 'ps7_cortexa9_0' is selected.
14:47:35 INFO  : The application 'E:/lab2/lab2.sdk/Lab2_PSPL/Debug/Lab2_PSPL.elf' is downloaded to processor 'ps7_cortexa9_0'.
14:47:35 INFO  : ----------------XSDB Script----------------
connect -url tcp:127.0.0.1:3121
source E:/lab2/lab2.sdk/PS_system_wrapper_hw_platform_0/ps7_init.tcl
targets -set -nocase -filter {name =~"APU*" && jtag_cable_name =~ "Digilent JTAG-SMT1 210203824656A"} -index 0
rst -system
after 3000
targets -set -filter {jtag_cable_name =~ "Digilent JTAG-SMT1 210203824656A" && level==0} -index 1
fpga -file E:/lab2/lab2.sdk/PS_system_wrapper_hw_platform_0/PS_system_wrapper.bit
targets -set -nocase -filter {name =~"APU*" && jtag_cable_name =~ "Digilent JTAG-SMT1 210203824656A"} -index 0
loadhw E:/lab2/lab2.sdk/PS_system_wrapper_hw_platform_0/system.hdf
targets -set -nocase -filter {name =~"APU*" && jtag_cable_name =~ "Digilent JTAG-SMT1 210203824656A"} -index 0
ps7_init
ps7_post_config
targets -set -nocase -filter {name =~ "ARM*#0" && jtag_cable_name =~ "Digilent JTAG-SMT1 210203824656A"} -index 0
dow E:/lab2/lab2.sdk/Lab2_PSPL/Debug/Lab2_PSPL.elf
----------------End of Script----------------

14:47:35 INFO  : Memory regions updated for context APU
14:47:35 INFO  : Context for processor 'ps7_cortexa9_0' is selected.
14:47:35 INFO  : 'con' command is executed.
14:47:35 INFO  : ----------------XSDB Script (After Launch)----------------
targets -set -nocase -filter {name =~ "ARM*#0" && jtag_cable_name =~ "Digilent JTAG-SMT1 210203824656A"} -index 0
con
----------------End of Script----------------

14:47:35 INFO  : Launch script is exported to file 'E:\lab2\lab2.sdk\.sdk\launch_scripts\xilinx_c-c++_application_(system_debugger)\system_debugger_using_debug_lab2_pspl.elf_on_local.tcl'
14:53:33 INFO  : Disconnected from the channel tcfchan#3.
14:53:34 INFO  : Connected to target on host '127.0.0.1' and port '3121'.
14:53:35 INFO  : Jtag cable 'Digilent JTAG-SMT1 210203824656A' is selected.
14:53:35 INFO  : 'jtag frequency' command is executed.
14:53:35 INFO  : Sourcing of 'E:/lab2/lab2.sdk/PS_system_wrapper_hw_platform_0/ps7_init.tcl' is done.
14:53:36 INFO  : Context for 'APU' is selected.
14:53:36 INFO  : System reset is completed.
14:53:39 INFO  : 'after 3000' command is executed.
14:53:39 INFO  : 'targets -set -filter {jtag_cable_name =~ "Digilent JTAG-SMT1 210203824656A" && level==0} -index 1' command is executed.
14:53:41 INFO  : FPGA configured successfully with bitstream "E:/lab2/lab2.sdk/PS_system_wrapper_hw_platform_0/PS_system_wrapper.bit"
14:53:42 INFO  : Context for 'APU' is selected.
14:53:42 INFO  : Hardware design information is loaded from 'E:/lab2/lab2.sdk/PS_system_wrapper_hw_platform_0/system.hdf'.
14:53:42 INFO  : Context for 'APU' is selected.
14:53:42 INFO  : 'ps7_init' command is executed.
14:53:42 INFO  : 'ps7_post_config' command is executed.
14:53:42 INFO  : Context for processor 'ps7_cortexa9_0' is selected.
14:53:43 INFO  : The application 'E:/lab2/lab2.sdk/Lab2_PSPL/Debug/Lab2_PSPL.elf' is downloaded to processor 'ps7_cortexa9_0'.
14:53:43 INFO  : ----------------XSDB Script----------------
connect -url tcp:127.0.0.1:3121
source E:/lab2/lab2.sdk/PS_system_wrapper_hw_platform_0/ps7_init.tcl
targets -set -nocase -filter {name =~"APU*" && jtag_cable_name =~ "Digilent JTAG-SMT1 210203824656A"} -index 0
rst -system
after 3000
targets -set -filter {jtag_cable_name =~ "Digilent JTAG-SMT1 210203824656A" && level==0} -index 1
fpga -file E:/lab2/lab2.sdk/PS_system_wrapper_hw_platform_0/PS_system_wrapper.bit
targets -set -nocase -filter {name =~"APU*" && jtag_cable_name =~ "Digilent JTAG-SMT1 210203824656A"} -index 0
loadhw E:/lab2/lab2.sdk/PS_system_wrapper_hw_platform_0/system.hdf
targets -set -nocase -filter {name =~"APU*" && jtag_cable_name =~ "Digilent JTAG-SMT1 210203824656A"} -index 0
ps7_init
ps7_post_config
targets -set -nocase -filter {name =~ "ARM*#0" && jtag_cable_name =~ "Digilent JTAG-SMT1 210203824656A"} -index 0
dow E:/lab2/lab2.sdk/Lab2_PSPL/Debug/Lab2_PSPL.elf
----------------End of Script----------------

14:53:43 INFO  : Memory regions updated for context APU
14:53:43 INFO  : Context for processor 'ps7_cortexa9_0' is selected.
14:53:43 INFO  : 'con' command is executed.
14:53:43 INFO  : ----------------XSDB Script (After Launch)----------------
targets -set -nocase -filter {name =~ "ARM*#0" && jtag_cable_name =~ "Digilent JTAG-SMT1 210203824656A"} -index 0
con
----------------End of Script----------------

14:53:43 INFO  : Launch script is exported to file 'E:\lab2\lab2.sdk\.sdk\launch_scripts\xilinx_c-c++_application_(system_debugger)\system_debugger_using_debug_lab2_pspl.elf_on_local.tcl'
14:55:09 INFO  : Disconnected from the channel tcfchan#4.
14:57:04 INFO  : Registering command handlers for SDK TCF services
14:57:04 INFO  : Launching XSCT server: xsct.bat -interactive C:\Users\grcomerce\Desktop\lab2\lab2.sdk\temp_xsdb_launch_script.tcl
14:57:05 INFO  : XSCT server has started successfully.
14:57:05 INFO  : Successfully done setting XSCT server connection channel  
14:57:05 INFO  : Successfully done setting SDK workspace  
14:57:05 INFO  : Processing command line option -hwspec C:/Users/grcomerce/Desktop/lab2/lab2.sdk/PS_system_wrapper.hdf.
14:57:56 INFO  : Connected to target on host '127.0.0.1' and port '3121'.
14:57:57 INFO  : Jtag cable 'Digilent JTAG-SMT1 210203824656A' is selected.
14:57:58 INFO  : 'jtag frequency' command is executed.
14:57:58 INFO  : Sourcing of 'C:/Users/grcomerce/Desktop/lab2/lab2.sdk/PS_system_wrapper_hw_platform_0/ps7_init.tcl' is done.
14:57:58 INFO  : Context for 'APU' is selected.
14:57:58 INFO  : System reset is completed.
14:58:01 INFO  : 'after 3000' command is executed.
14:58:02 INFO  : 'targets -set -filter {jtag_cable_name =~ "Digilent JTAG-SMT1 210203824656A" && level==0} -index 1' command is executed.
14:58:04 INFO  : FPGA configured successfully with bitstream "C:/Users/grcomerce/Desktop/lab2/lab2.sdk/PS_system_wrapper_hw_platform_0/PS_system_wrapper.bit"
14:58:05 INFO  : Context for 'APU' is selected.
14:58:05 INFO  : Hardware design information is loaded from 'C:/Users/grcomerce/Desktop/lab2/lab2.sdk/PS_system_wrapper_hw_platform_0/system.hdf'.
14:58:05 INFO  : Context for 'APU' is selected.
14:58:05 INFO  : 'ps7_init' command is executed.
14:58:05 INFO  : 'ps7_post_config' command is executed.
14:58:05 INFO  : Context for processor 'ps7_cortexa9_0' is selected.
14:58:05 INFO  : The application 'C:/Users/grcomerce/Desktop/lab2/lab2.sdk/Lab2_PSPL/Debug/Lab2_PSPL.elf' is downloaded to processor 'ps7_cortexa9_0'.
14:58:05 INFO  : ----------------XSDB Script----------------
connect -url tcp:127.0.0.1:3121
source C:/Users/grcomerce/Desktop/lab2/lab2.sdk/PS_system_wrapper_hw_platform_0/ps7_init.tcl
targets -set -nocase -filter {name =~"APU*" && jtag_cable_name =~ "Digilent JTAG-SMT1 210203824656A"} -index 0
rst -system
after 3000
targets -set -filter {jtag_cable_name =~ "Digilent JTAG-SMT1 210203824656A" && level==0} -index 1
fpga -file C:/Users/grcomerce/Desktop/lab2/lab2.sdk/PS_system_wrapper_hw_platform_0/PS_system_wrapper.bit
targets -set -nocase -filter {name =~"APU*" && jtag_cable_name =~ "Digilent JTAG-SMT1 210203824656A"} -index 0
loadhw C:/Users/grcomerce/Desktop/lab2/lab2.sdk/PS_system_wrapper_hw_platform_0/system.hdf
targets -set -nocase -filter {name =~"APU*" && jtag_cable_name =~ "Digilent JTAG-SMT1 210203824656A"} -index 0
ps7_init
ps7_post_config
targets -set -nocase -filter {name =~ "ARM*#0" && jtag_cable_name =~ "Digilent JTAG-SMT1 210203824656A"} -index 0
dow C:/Users/grcomerce/Desktop/lab2/lab2.sdk/Lab2_PSPL/Debug/Lab2_PSPL.elf
----------------End of Script----------------

14:58:06 INFO  : Memory regions updated for context APU
14:58:06 INFO  : Context for processor 'ps7_cortexa9_0' is selected.
14:58:06 INFO  : 'con' command is executed.
14:58:06 INFO  : ----------------XSDB Script (After Launch)----------------
targets -set -nocase -filter {name =~ "ARM*#0" && jtag_cable_name =~ "Digilent JTAG-SMT1 210203824656A"} -index 0
con
----------------End of Script----------------

14:58:06 INFO  : Launch script is exported to file 'C:\Users\grcomerce\Desktop\lab2\lab2.sdk\.sdk\launch_scripts\xilinx_c-c++_application_(system_debugger)\system_debugger_using_debug_lab2_pspl.elf_on_local.tcl'
14:58:43 INFO  : Disconnected from the channel tcfchan#1.
14:58:44 INFO  : Connected to target on host '127.0.0.1' and port '3121'.
14:58:44 INFO  : Jtag cable 'Digilent JTAG-SMT1 210203824656A' is selected.
14:58:44 INFO  : 'jtag frequency' command is executed.
14:58:44 INFO  : Sourcing of 'C:/Users/grcomerce/Desktop/lab2/lab2.sdk/PS_system_wrapper_hw_platform_0/ps7_init.tcl' is done.
14:58:44 INFO  : Context for 'APU' is selected.
14:58:45 INFO  : System reset is completed.
14:58:48 INFO  : 'after 3000' command is executed.
14:58:48 INFO  : 'targets -set -filter {jtag_cable_name =~ "Digilent JTAG-SMT1 210203824656A" && level==0} -index 1' command is executed.
14:58:50 INFO  : FPGA configured successfully with bitstream "C:/Users/grcomerce/Desktop/lab2/lab2.sdk/PS_system_wrapper_hw_platform_0/PS_system_wrapper.bit"
14:58:50 INFO  : Context for 'APU' is selected.
14:58:51 INFO  : Hardware design information is loaded from 'C:/Users/grcomerce/Desktop/lab2/lab2.sdk/PS_system_wrapper_hw_platform_0/system.hdf'.
14:58:51 INFO  : Context for 'APU' is selected.
14:58:52 INFO  : 'ps7_init' command is executed.
14:58:52 INFO  : 'ps7_post_config' command is executed.
14:58:52 INFO  : Context for processor 'ps7_cortexa9_0' is selected.
14:58:52 INFO  : The application 'C:/Users/grcomerce/Desktop/lab2/lab2.sdk/Lab2_PSPL/Debug/Lab2_PSPL.elf' is downloaded to processor 'ps7_cortexa9_0'.
14:58:52 INFO  : ----------------XSDB Script----------------
connect -url tcp:127.0.0.1:3121
source C:/Users/grcomerce/Desktop/lab2/lab2.sdk/PS_system_wrapper_hw_platform_0/ps7_init.tcl
targets -set -nocase -filter {name =~"APU*" && jtag_cable_name =~ "Digilent JTAG-SMT1 210203824656A"} -index 0
rst -system
after 3000
targets -set -filter {jtag_cable_name =~ "Digilent JTAG-SMT1 210203824656A" && level==0} -index 1
fpga -file C:/Users/grcomerce/Desktop/lab2/lab2.sdk/PS_system_wrapper_hw_platform_0/PS_system_wrapper.bit
targets -set -nocase -filter {name =~"APU*" && jtag_cable_name =~ "Digilent JTAG-SMT1 210203824656A"} -index 0
loadhw C:/Users/grcomerce/Desktop/lab2/lab2.sdk/PS_system_wrapper_hw_platform_0/system.hdf
targets -set -nocase -filter {name =~"APU*" && jtag_cable_name =~ "Digilent JTAG-SMT1 210203824656A"} -index 0
ps7_init
ps7_post_config
targets -set -nocase -filter {name =~ "ARM*#0" && jtag_cable_name =~ "Digilent JTAG-SMT1 210203824656A"} -index 0
dow C:/Users/grcomerce/Desktop/lab2/lab2.sdk/Lab2_PSPL/Debug/Lab2_PSPL.elf
----------------End of Script----------------

14:58:52 INFO  : Memory regions updated for context APU
14:58:52 INFO  : Context for processor 'ps7_cortexa9_0' is selected.
14:58:52 INFO  : 'con' command is executed.
14:58:52 INFO  : ----------------XSDB Script (After Launch)----------------
targets -set -nocase -filter {name =~ "ARM*#0" && jtag_cable_name =~ "Digilent JTAG-SMT1 210203824656A"} -index 0
con
----------------End of Script----------------

14:58:52 INFO  : Launch script is exported to file 'C:\Users\grcomerce\Desktop\lab2\lab2.sdk\.sdk\launch_scripts\xilinx_c-c++_application_(system_debugger)\system_debugger_using_debug_lab2_pspl.elf_on_local.tcl'
15:00:20 INFO  : Disconnected from the channel tcfchan#2.
15:00:21 INFO  : Connected to target on host '127.0.0.1' and port '3121'.
15:00:22 INFO  : Jtag cable 'Digilent JTAG-SMT1 210203824656A' is selected.
15:00:22 INFO  : 'jtag frequency' command is executed.
15:00:22 INFO  : Sourcing of 'C:/Users/grcomerce/Desktop/lab2/lab2.sdk/PS_system_wrapper_hw_platform_0/ps7_init.tcl' is done.
15:00:22 INFO  : Context for 'APU' is selected.
15:00:22 INFO  : System reset is completed.
15:00:25 INFO  : 'after 3000' command is executed.
15:00:25 INFO  : 'targets -set -filter {jtag_cable_name =~ "Digilent JTAG-SMT1 210203824656A" && level==0} -index 1' command is executed.
15:00:27 INFO  : FPGA configured successfully with bitstream "C:/Users/grcomerce/Desktop/lab2/lab2.sdk/PS_system_wrapper_hw_platform_0/PS_system_wrapper.bit"
15:00:27 INFO  : Context for 'APU' is selected.
15:00:27 INFO  : Hardware design information is loaded from 'C:/Users/grcomerce/Desktop/lab2/lab2.sdk/PS_system_wrapper_hw_platform_0/system.hdf'.
15:00:27 INFO  : Context for 'APU' is selected.
15:00:28 INFO  : 'ps7_init' command is executed.
15:00:28 INFO  : 'ps7_post_config' command is executed.
15:00:28 INFO  : Context for processor 'ps7_cortexa9_0' is selected.
15:00:28 INFO  : The application 'C:/Users/grcomerce/Desktop/lab2/lab2.sdk/Lab2_PSPL/Debug/Lab2_PSPL.elf' is downloaded to processor 'ps7_cortexa9_0'.
15:00:28 INFO  : ----------------XSDB Script----------------
connect -url tcp:127.0.0.1:3121
source C:/Users/grcomerce/Desktop/lab2/lab2.sdk/PS_system_wrapper_hw_platform_0/ps7_init.tcl
targets -set -nocase -filter {name =~"APU*" && jtag_cable_name =~ "Digilent JTAG-SMT1 210203824656A"} -index 0
rst -system
after 3000
targets -set -filter {jtag_cable_name =~ "Digilent JTAG-SMT1 210203824656A" && level==0} -index 1
fpga -file C:/Users/grcomerce/Desktop/lab2/lab2.sdk/PS_system_wrapper_hw_platform_0/PS_system_wrapper.bit
targets -set -nocase -filter {name =~"APU*" && jtag_cable_name =~ "Digilent JTAG-SMT1 210203824656A"} -index 0
loadhw C:/Users/grcomerce/Desktop/lab2/lab2.sdk/PS_system_wrapper_hw_platform_0/system.hdf
targets -set -nocase -filter {name =~"APU*" && jtag_cable_name =~ "Digilent JTAG-SMT1 210203824656A"} -index 0
ps7_init
ps7_post_config
targets -set -nocase -filter {name =~ "ARM*#0" && jtag_cable_name =~ "Digilent JTAG-SMT1 210203824656A"} -index 0
dow C:/Users/grcomerce/Desktop/lab2/lab2.sdk/Lab2_PSPL/Debug/Lab2_PSPL.elf
----------------End of Script----------------

15:00:28 INFO  : Memory regions updated for context APU
15:00:28 INFO  : Context for processor 'ps7_cortexa9_0' is selected.
15:00:28 INFO  : 'con' command is executed.
15:00:28 INFO  : ----------------XSDB Script (After Launch)----------------
targets -set -nocase -filter {name =~ "ARM*#0" && jtag_cable_name =~ "Digilent JTAG-SMT1 210203824656A"} -index 0
con
----------------End of Script----------------

15:00:28 INFO  : Launch script is exported to file 'C:\Users\grcomerce\Desktop\lab2\lab2.sdk\.sdk\launch_scripts\xilinx_c-c++_application_(system_debugger)\system_debugger_using_debug_lab2_pspl.elf_on_local.tcl'
15:01:23 INFO  : Disconnected from the channel tcfchan#3.
15:01:24 INFO  : Connected to target on host '127.0.0.1' and port '3121'.
15:01:25 INFO  : Jtag cable 'Digilent JTAG-SMT1 210203824656A' is selected.
15:01:25 INFO  : 'jtag frequency' command is executed.
15:01:25 INFO  : Sourcing of 'C:/Users/grcomerce/Desktop/lab2/lab2.sdk/PS_system_wrapper_hw_platform_0/ps7_init.tcl' is done.
15:01:26 INFO  : Context for 'APU' is selected.
15:01:26 INFO  : System reset is completed.
15:01:29 INFO  : 'after 3000' command is executed.
15:01:29 INFO  : 'targets -set -filter {jtag_cable_name =~ "Digilent JTAG-SMT1 210203824656A" && level==0} -index 1' command is executed.
15:01:32 INFO  : FPGA configured successfully with bitstream "C:/Users/grcomerce/Desktop/lab2/lab2.sdk/PS_system_wrapper_hw_platform_0/PS_system_wrapper.bit"
15:01:32 INFO  : Context for 'APU' is selected.
15:01:32 INFO  : Hardware design information is loaded from 'C:/Users/grcomerce/Desktop/lab2/lab2.sdk/PS_system_wrapper_hw_platform_0/system.hdf'.
15:01:32 INFO  : Context for 'APU' is selected.
15:01:33 INFO  : 'ps7_init' command is executed.
15:01:33 INFO  : 'ps7_post_config' command is executed.
15:01:33 INFO  : Context for processor 'ps7_cortexa9_0' is selected.
15:01:33 INFO  : The application 'C:/Users/grcomerce/Desktop/lab2/lab2.sdk/Lab2_PSPL/Debug/Lab2_PSPL.elf' is downloaded to processor 'ps7_cortexa9_0'.
15:01:33 INFO  : ----------------XSDB Script----------------
connect -url tcp:127.0.0.1:3121
source C:/Users/grcomerce/Desktop/lab2/lab2.sdk/PS_system_wrapper_hw_platform_0/ps7_init.tcl
targets -set -nocase -filter {name =~"APU*" && jtag_cable_name =~ "Digilent JTAG-SMT1 210203824656A"} -index 0
rst -system
after 3000
targets -set -filter {jtag_cable_name =~ "Digilent JTAG-SMT1 210203824656A" && level==0} -index 1
fpga -file C:/Users/grcomerce/Desktop/lab2/lab2.sdk/PS_system_wrapper_hw_platform_0/PS_system_wrapper.bit
targets -set -nocase -filter {name =~"APU*" && jtag_cable_name =~ "Digilent JTAG-SMT1 210203824656A"} -index 0
loadhw C:/Users/grcomerce/Desktop/lab2/lab2.sdk/PS_system_wrapper_hw_platform_0/system.hdf
targets -set -nocase -filter {name =~"APU*" && jtag_cable_name =~ "Digilent JTAG-SMT1 210203824656A"} -index 0
ps7_init
ps7_post_config
targets -set -nocase -filter {name =~ "ARM*#0" && jtag_cable_name =~ "Digilent JTAG-SMT1 210203824656A"} -index 0
dow C:/Users/grcomerce/Desktop/lab2/lab2.sdk/Lab2_PSPL/Debug/Lab2_PSPL.elf
----------------End of Script----------------

15:01:33 INFO  : Memory regions updated for context APU
15:01:34 INFO  : Context for processor 'ps7_cortexa9_0' is selected.
15:01:34 INFO  : 'con' command is executed.
15:01:34 INFO  : ----------------XSDB Script (After Launch)----------------
targets -set -nocase -filter {name =~ "ARM*#0" && jtag_cable_name =~ "Digilent JTAG-SMT1 210203824656A"} -index 0
con
----------------End of Script----------------

15:01:34 INFO  : Launch script is exported to file 'C:\Users\grcomerce\Desktop\lab2\lab2.sdk\.sdk\launch_scripts\xilinx_c-c++_application_(system_debugger)\system_debugger_using_debug_lab2_pspl.elf_on_local.tcl'
15:02:03 INFO  : Disconnected from the channel tcfchan#4.
15:02:04 INFO  : Connected to target on host '127.0.0.1' and port '3121'.
15:02:05 INFO  : Jtag cable 'Digilent JTAG-SMT1 210203824656A' is selected.
15:02:05 INFO  : 'jtag frequency' command is executed.
15:02:05 INFO  : Sourcing of 'C:/Users/grcomerce/Desktop/lab2/lab2.sdk/PS_system_wrapper_hw_platform_0/ps7_init.tcl' is done.
15:02:05 INFO  : Context for 'APU' is selected.
15:02:05 INFO  : System reset is completed.
15:02:08 INFO  : 'after 3000' command is executed.
15:02:08 INFO  : 'targets -set -filter {jtag_cable_name =~ "Digilent JTAG-SMT1 210203824656A" && level==0} -index 1' command is executed.
15:02:10 INFO  : FPGA configured successfully with bitstream "C:/Users/grcomerce/Desktop/lab2/lab2.sdk/PS_system_wrapper_hw_platform_0/PS_system_wrapper.bit"
15:02:10 INFO  : Context for 'APU' is selected.
15:02:10 INFO  : Hardware design information is loaded from 'C:/Users/grcomerce/Desktop/lab2/lab2.sdk/PS_system_wrapper_hw_platform_0/system.hdf'.
15:02:10 INFO  : Context for 'APU' is selected.
15:02:11 INFO  : 'ps7_init' command is executed.
15:02:11 INFO  : 'ps7_post_config' command is executed.
15:02:11 INFO  : Context for processor 'ps7_cortexa9_0' is selected.
15:02:11 INFO  : The application 'C:/Users/grcomerce/Desktop/lab2/lab2.sdk/Lab2_PSPL/Debug/Lab2_PSPL.elf' is downloaded to processor 'ps7_cortexa9_0'.
15:02:11 INFO  : ----------------XSDB Script----------------
connect -url tcp:127.0.0.1:3121
source C:/Users/grcomerce/Desktop/lab2/lab2.sdk/PS_system_wrapper_hw_platform_0/ps7_init.tcl
targets -set -nocase -filter {name =~"APU*" && jtag_cable_name =~ "Digilent JTAG-SMT1 210203824656A"} -index 0
rst -system
after 3000
targets -set -filter {jtag_cable_name =~ "Digilent JTAG-SMT1 210203824656A" && level==0} -index 1
fpga -file C:/Users/grcomerce/Desktop/lab2/lab2.sdk/PS_system_wrapper_hw_platform_0/PS_system_wrapper.bit
targets -set -nocase -filter {name =~"APU*" && jtag_cable_name =~ "Digilent JTAG-SMT1 210203824656A"} -index 0
loadhw C:/Users/grcomerce/Desktop/lab2/lab2.sdk/PS_system_wrapper_hw_platform_0/system.hdf
targets -set -nocase -filter {name =~"APU*" && jtag_cable_name =~ "Digilent JTAG-SMT1 210203824656A"} -index 0
ps7_init
ps7_post_config
targets -set -nocase -filter {name =~ "ARM*#0" && jtag_cable_name =~ "Digilent JTAG-SMT1 210203824656A"} -index 0
dow C:/Users/grcomerce/Desktop/lab2/lab2.sdk/Lab2_PSPL/Debug/Lab2_PSPL.elf
----------------End of Script----------------

15:02:11 INFO  : Memory regions updated for context APU
15:02:11 INFO  : Context for processor 'ps7_cortexa9_0' is selected.
15:02:11 INFO  : 'con' command is executed.
15:02:11 INFO  : ----------------XSDB Script (After Launch)----------------
targets -set -nocase -filter {name =~ "ARM*#0" && jtag_cable_name =~ "Digilent JTAG-SMT1 210203824656A"} -index 0
con
----------------End of Script----------------

15:02:11 INFO  : Launch script is exported to file 'C:\Users\grcomerce\Desktop\lab2\lab2.sdk\.sdk\launch_scripts\xilinx_c-c++_application_(system_debugger)\system_debugger_using_debug_lab2_pspl.elf_on_local.tcl'
15:03:24 INFO  : Disconnected from the channel tcfchan#5.
15:03:25 INFO  : Connected to target on host '127.0.0.1' and port '3121'.
15:03:26 INFO  : Jtag cable 'Digilent JTAG-SMT1 210203824656A' is selected.
15:03:26 INFO  : 'jtag frequency' command is executed.
15:03:26 INFO  : Sourcing of 'C:/Users/grcomerce/Desktop/lab2/lab2.sdk/PS_system_wrapper_hw_platform_0/ps7_init.tcl' is done.
15:03:26 INFO  : Context for 'APU' is selected.
15:03:26 INFO  : System reset is completed.
15:03:29 INFO  : 'after 3000' command is executed.
15:03:29 INFO  : 'targets -set -filter {jtag_cable_name =~ "Digilent JTAG-SMT1 210203824656A" && level==0} -index 1' command is executed.
15:03:31 INFO  : FPGA configured successfully with bitstream "C:/Users/grcomerce/Desktop/lab2/lab2.sdk/PS_system_wrapper_hw_platform_0/PS_system_wrapper.bit"
15:03:32 INFO  : Context for 'APU' is selected.
15:03:32 INFO  : Hardware design information is loaded from 'C:/Users/grcomerce/Desktop/lab2/lab2.sdk/PS_system_wrapper_hw_platform_0/system.hdf'.
15:03:32 INFO  : Context for 'APU' is selected.
15:03:32 INFO  : 'ps7_init' command is executed.
15:03:32 INFO  : 'ps7_post_config' command is executed.
15:03:32 INFO  : Context for processor 'ps7_cortexa9_0' is selected.
15:03:32 INFO  : The application 'C:/Users/grcomerce/Desktop/lab2/lab2.sdk/Lab2_PSPL/Debug/Lab2_PSPL.elf' is downloaded to processor 'ps7_cortexa9_0'.
15:03:32 INFO  : ----------------XSDB Script----------------
connect -url tcp:127.0.0.1:3121
source C:/Users/grcomerce/Desktop/lab2/lab2.sdk/PS_system_wrapper_hw_platform_0/ps7_init.tcl
targets -set -nocase -filter {name =~"APU*" && jtag_cable_name =~ "Digilent JTAG-SMT1 210203824656A"} -index 0
rst -system
after 3000
targets -set -filter {jtag_cable_name =~ "Digilent JTAG-SMT1 210203824656A" && level==0} -index 1
fpga -file C:/Users/grcomerce/Desktop/lab2/lab2.sdk/PS_system_wrapper_hw_platform_0/PS_system_wrapper.bit
targets -set -nocase -filter {name =~"APU*" && jtag_cable_name =~ "Digilent JTAG-SMT1 210203824656A"} -index 0
loadhw C:/Users/grcomerce/Desktop/lab2/lab2.sdk/PS_system_wrapper_hw_platform_0/system.hdf
targets -set -nocase -filter {name =~"APU*" && jtag_cable_name =~ "Digilent JTAG-SMT1 210203824656A"} -index 0
ps7_init
ps7_post_config
targets -set -nocase -filter {name =~ "ARM*#0" && jtag_cable_name =~ "Digilent JTAG-SMT1 210203824656A"} -index 0
dow C:/Users/grcomerce/Desktop/lab2/lab2.sdk/Lab2_PSPL/Debug/Lab2_PSPL.elf
----------------End of Script----------------

15:03:33 INFO  : Memory regions updated for context APU
15:03:33 INFO  : Context for processor 'ps7_cortexa9_0' is selected.
15:03:33 INFO  : 'con' command is executed.
15:03:33 INFO  : ----------------XSDB Script (After Launch)----------------
targets -set -nocase -filter {name =~ "ARM*#0" && jtag_cable_name =~ "Digilent JTAG-SMT1 210203824656A"} -index 0
con
----------------End of Script----------------

15:03:33 INFO  : Launch script is exported to file 'C:\Users\grcomerce\Desktop\lab2\lab2.sdk\.sdk\launch_scripts\xilinx_c-c++_application_(system_debugger)\system_debugger_using_debug_lab2_pspl.elf_on_local.tcl'
15:05:04 INFO  : Disconnected from the channel tcfchan#6.
15:05:06 INFO  : Connected to target on host '127.0.0.1' and port '3121'.
15:05:06 INFO  : Jtag cable 'Digilent JTAG-SMT1 210203824656A' is selected.
15:05:06 INFO  : 'jtag frequency' command is executed.
15:05:06 INFO  : Sourcing of 'C:/Users/grcomerce/Desktop/lab2/lab2.sdk/PS_system_wrapper_hw_platform_0/ps7_init.tcl' is done.
15:05:06 INFO  : Context for 'APU' is selected.
15:05:07 INFO  : System reset is completed.
15:05:10 INFO  : 'after 3000' command is executed.
15:05:10 INFO  : 'targets -set -filter {jtag_cable_name =~ "Digilent JTAG-SMT1 210203824656A" && level==0} -index 1' command is executed.
15:05:12 INFO  : FPGA configured successfully with bitstream "C:/Users/grcomerce/Desktop/lab2/lab2.sdk/PS_system_wrapper_hw_platform_0/PS_system_wrapper.bit"
15:05:12 INFO  : Context for 'APU' is selected.
15:05:12 INFO  : Hardware design information is loaded from 'C:/Users/grcomerce/Desktop/lab2/lab2.sdk/PS_system_wrapper_hw_platform_0/system.hdf'.
15:05:12 INFO  : Context for 'APU' is selected.
15:05:13 INFO  : 'ps7_init' command is executed.
15:05:13 INFO  : 'ps7_post_config' command is executed.
15:05:13 INFO  : Context for processor 'ps7_cortexa9_0' is selected.
15:05:13 INFO  : The application 'C:/Users/grcomerce/Desktop/lab2/lab2.sdk/Lab2_PSPL/Debug/Lab2_PSPL.elf' is downloaded to processor 'ps7_cortexa9_0'.
15:05:13 INFO  : ----------------XSDB Script----------------
connect -url tcp:127.0.0.1:3121
source C:/Users/grcomerce/Desktop/lab2/lab2.sdk/PS_system_wrapper_hw_platform_0/ps7_init.tcl
targets -set -nocase -filter {name =~"APU*" && jtag_cable_name =~ "Digilent JTAG-SMT1 210203824656A"} -index 0
rst -system
after 3000
targets -set -filter {jtag_cable_name =~ "Digilent JTAG-SMT1 210203824656A" && level==0} -index 1
fpga -file C:/Users/grcomerce/Desktop/lab2/lab2.sdk/PS_system_wrapper_hw_platform_0/PS_system_wrapper.bit
targets -set -nocase -filter {name =~"APU*" && jtag_cable_name =~ "Digilent JTAG-SMT1 210203824656A"} -index 0
loadhw C:/Users/grcomerce/Desktop/lab2/lab2.sdk/PS_system_wrapper_hw_platform_0/system.hdf
targets -set -nocase -filter {name =~"APU*" && jtag_cable_name =~ "Digilent JTAG-SMT1 210203824656A"} -index 0
ps7_init
ps7_post_config
targets -set -nocase -filter {name =~ "ARM*#0" && jtag_cable_name =~ "Digilent JTAG-SMT1 210203824656A"} -index 0
dow C:/Users/grcomerce/Desktop/lab2/lab2.sdk/Lab2_PSPL/Debug/Lab2_PSPL.elf
----------------End of Script----------------

15:05:13 INFO  : Memory regions updated for context APU
15:05:13 INFO  : Context for processor 'ps7_cortexa9_0' is selected.
15:05:14 INFO  : 'con' command is executed.
15:05:14 INFO  : ----------------XSDB Script (After Launch)----------------
targets -set -nocase -filter {name =~ "ARM*#0" && jtag_cable_name =~ "Digilent JTAG-SMT1 210203824656A"} -index 0
con
----------------End of Script----------------

15:05:14 INFO  : Launch script is exported to file 'C:\Users\grcomerce\Desktop\lab2\lab2.sdk\.sdk\launch_scripts\xilinx_c-c++_application_(system_debugger)\system_debugger_using_debug_lab2_pspl.elf_on_local.tcl'
15:25:01 INFO  : Disconnected from the channel tcfchan#7.
10:40:42 INFO  : Registering command handlers for SDK TCF services
10:40:42 INFO  : Launching XSCT server: xsct.bat -interactive D:\klsa\lab2\lab2.sdk\temp_xsdb_launch_script.tcl
10:40:45 INFO  : XSCT server has started successfully.
10:40:49 INFO  : Successfully done setting XSCT server connection channel  
10:40:49 INFO  : Successfully done setting SDK workspace  
10:40:49 INFO  : Processing command line option -hwspec D:/klsa/lab2/lab2.sdk/PS_system_wrapper.hdf.
10:41:43 INFO  : Connected to target on host '127.0.0.1' and port '3121'.
10:44:04 INFO  : Connected to target on host '127.0.0.1' and port '3121'.
10:48:06 INFO  : Connected to target on host '127.0.0.1' and port '3121'.
10:49:04 INFO  : Connected to target on host '127.0.0.1' and port '3121'.
10:49:14 INFO  : Connected to target on host '127.0.0.1' and port '3121'.
10:49:17 INFO  : ----------------XSDB Script----------------
connect -url tcp:127.0.0.1:3121
----------------End of Script----------------

10:51:35 INFO  : Connected to target on host '127.0.0.1' and port '3121'.
10:53:08 INFO  : Connected to target on host '127.0.0.1' and port '3121'.
10:53:11 INFO  : ----------------XSDB Script----------------
connect -url tcp:127.0.0.1:3121
----------------End of Script----------------

10:55:21 INFO  : Connected to target on host '127.0.0.1' and port '3121'.
10:56:33 INFO  : Connected to target on host '127.0.0.1' and port '3121'.
10:56:36 INFO  : ----------------XSDB Script----------------
connect -url tcp:127.0.0.1:3121
----------------End of Script----------------

11:11:00 INFO  : Registering command handlers for SDK TCF services
11:11:02 INFO  : Launching XSCT server: xsct.bat -interactive D:\klsa\lab2\lab2.sdk\temp_xsdb_launch_script.tcl
11:11:06 INFO  : XSCT server has started successfully.
11:11:14 INFO  : Successfully done setting XSCT server connection channel  
11:11:14 INFO  : Processing command line option -hwspec D:/klsa/lab2/lab2.sdk/PS_system_wrapper.hdf.
11:11:18 INFO  : Successfully done setting SDK workspace  
11:11:18 INFO  : Checking for hwspec changes in the project PS_system_wrapper_hw_platform_4.
11:11:23 INFO  : Connected to target on host '127.0.0.1' and port '3121'.
11:11:25 INFO  : 'targets -set -filter {jtag_cable_name =~ "Digilent JTAG-SMT1 210203824634A" && level==0} -index 1' command is executed.
11:11:27 INFO  : FPGA configured successfully with bitstream "D:/klsa/lab2/lab2.sdk/PS_system_wrapper_hw_platform_0/PS_system_wrapper.bit"
11:11:46 INFO  : Connected to target on host '127.0.0.1' and port '3121'.
11:11:46 INFO  : Jtag cable 'Digilent JTAG-SMT1 210203824634A' is selected.
11:11:46 INFO  : 'jtag frequency' command is executed.
11:11:46 INFO  : Sourcing of 'D:/klsa/lab2/lab2.sdk/PS_system_wrapper_hw_platform_0/ps7_init.tcl' is done.
11:11:46 INFO  : Context for 'APU' is selected.
11:11:46 INFO  : System reset is completed.
11:11:49 INFO  : 'after 3000' command is executed.
11:11:50 INFO  : 'targets -set -filter {jtag_cable_name =~ "Digilent JTAG-SMT1 210203824634A" && level==0} -index 1' command is executed.
11:11:52 INFO  : FPGA configured successfully with bitstream "D:/klsa/lab2/lab2.sdk/PS_system_wrapper_hw_platform_0/PS_system_wrapper.bit"
11:11:52 INFO  : Context for 'APU' is selected.
11:11:52 INFO  : Hardware design information is loaded from 'D:/klsa/lab2/lab2.sdk/PS_system_wrapper_hw_platform_0/system.hdf'.
11:11:52 INFO  : Context for 'APU' is selected.
11:11:52 INFO  : 'ps7_init' command is executed.
11:11:52 INFO  : 'ps7_post_config' command is executed.
11:11:52 INFO  : Context for processor 'ps7_cortexa9_0' is selected.
11:11:53 INFO  : The application 'D:/klsa/lab2/lab2.sdk/Lab2_PSPL/Debug/Lab2_PSPL.elf' is downloaded to processor 'ps7_cortexa9_0'.
11:11:53 INFO  : ----------------XSDB Script----------------
connect -url tcp:127.0.0.1:3121
source D:/klsa/lab2/lab2.sdk/PS_system_wrapper_hw_platform_0/ps7_init.tcl
targets -set -nocase -filter {name =~"APU*" && jtag_cable_name =~ "Digilent JTAG-SMT1 210203824634A"} -index 0
rst -system
after 3000
targets -set -filter {jtag_cable_name =~ "Digilent JTAG-SMT1 210203824634A" && level==0} -index 1
fpga -file D:/klsa/lab2/lab2.sdk/PS_system_wrapper_hw_platform_0/PS_system_wrapper.bit
targets -set -nocase -filter {name =~"APU*" && jtag_cable_name =~ "Digilent JTAG-SMT1 210203824634A"} -index 0
loadhw D:/klsa/lab2/lab2.sdk/PS_system_wrapper_hw_platform_0/system.hdf
targets -set -nocase -filter {name =~"APU*" && jtag_cable_name =~ "Digilent JTAG-SMT1 210203824634A"} -index 0
ps7_init
ps7_post_config
targets -set -nocase -filter {name =~ "ARM*#0" && jtag_cable_name =~ "Digilent JTAG-SMT1 210203824634A"} -index 0
dow D:/klsa/lab2/lab2.sdk/Lab2_PSPL/Debug/Lab2_PSPL.elf
----------------End of Script----------------

11:11:53 INFO  : Memory regions updated for context APU
11:11:53 INFO  : Context for processor 'ps7_cortexa9_0' is selected.
11:11:53 INFO  : 'con' command is executed.
11:11:53 INFO  : ----------------XSDB Script (After Launch)----------------
targets -set -nocase -filter {name =~ "ARM*#0" && jtag_cable_name =~ "Digilent JTAG-SMT1 210203824634A"} -index 0
con
----------------End of Script----------------

11:11:53 INFO  : Launch script is exported to file 'D:\klsa\lab2\lab2.sdk\.sdk\launch_scripts\xilinx_c-c++_application_(system_debugger)\system_debugger_using_debug_lab2_pspl.elf_on_local.tcl'
11:43:06 INFO  : Disconnected from the channel tcfchan#1.
11:43:07 INFO  : Connected to target on host '127.0.0.1' and port '3121'.
11:43:10 INFO  : ----------------XSDB Script----------------
connect -url tcp:127.0.0.1:3121
----------------End of Script----------------

11:47:46 INFO  : Connected to target on host '127.0.0.1' and port '3121'.
11:47:49 INFO  : ----------------XSDB Script----------------
connect -url tcp:127.0.0.1:3121
----------------End of Script----------------

11:48:32 INFO  : Connected to target on host '127.0.0.1' and port '3121'.
11:48:32 INFO  : Jtag cable 'Digilent JTAG-SMT1 210203824634A' is selected.
11:48:32 INFO  : 'jtag frequency' command is executed.
11:48:32 INFO  : Sourcing of 'D:/klsa/lab2/lab2.sdk/PS_system_wrapper_hw_platform_0/ps7_init.tcl' is done.
11:48:32 INFO  : Context for 'APU' is selected.
11:48:32 INFO  : System reset is completed.
11:48:35 INFO  : 'after 3000' command is executed.
11:48:35 INFO  : 'targets -set -filter {jtag_cable_name =~ "Digilent JTAG-SMT1 210203824634A" && level==0} -index 1' command is executed.
11:48:38 INFO  : FPGA configured successfully with bitstream "D:/klsa/lab2/lab2.sdk/PS_system_wrapper_hw_platform_0/PS_system_wrapper.bit"
11:48:38 INFO  : Context for 'APU' is selected.
11:48:39 INFO  : Hardware design information is loaded from 'D:/klsa/lab2/lab2.sdk/PS_system_wrapper_hw_platform_0/system.hdf'.
11:48:39 INFO  : Context for 'APU' is selected.
11:48:40 INFO  : 'ps7_init' command is executed.
11:48:40 INFO  : 'ps7_post_config' command is executed.
11:48:40 INFO  : Context for processor 'ps7_cortexa9_0' is selected.
11:48:40 INFO  : The application 'D:/klsa/lab2/lab2.sdk/Lab2_PSPL/Debug/Lab2_PSPL.elf' is downloaded to processor 'ps7_cortexa9_0'.
11:48:40 INFO  : ----------------XSDB Script----------------
connect -url tcp:127.0.0.1:3121
source D:/klsa/lab2/lab2.sdk/PS_system_wrapper_hw_platform_0/ps7_init.tcl
targets -set -nocase -filter {name =~"APU*" && jtag_cable_name =~ "Digilent JTAG-SMT1 210203824634A"} -index 0
rst -system
after 3000
targets -set -filter {jtag_cable_name =~ "Digilent JTAG-SMT1 210203824634A" && level==0} -index 1
fpga -file D:/klsa/lab2/lab2.sdk/PS_system_wrapper_hw_platform_0/PS_system_wrapper.bit
targets -set -nocase -filter {name =~"APU*" && jtag_cable_name =~ "Digilent JTAG-SMT1 210203824634A"} -index 0
loadhw D:/klsa/lab2/lab2.sdk/PS_system_wrapper_hw_platform_0/system.hdf
targets -set -nocase -filter {name =~"APU*" && jtag_cable_name =~ "Digilent JTAG-SMT1 210203824634A"} -index 0
ps7_init
ps7_post_config
targets -set -nocase -filter {name =~ "ARM*#0" && jtag_cable_name =~ "Digilent JTAG-SMT1 210203824634A"} -index 0
dow D:/klsa/lab2/lab2.sdk/Lab2_PSPL/Debug/Lab2_PSPL.elf
----------------End of Script----------------

11:48:40 INFO  : Memory regions updated for context APU
11:48:40 INFO  : Context for processor 'ps7_cortexa9_0' is selected.
11:48:40 INFO  : 'con' command is executed.
11:48:40 INFO  : ----------------XSDB Script (After Launch)----------------
targets -set -nocase -filter {name =~ "ARM*#0" && jtag_cable_name =~ "Digilent JTAG-SMT1 210203824634A"} -index 0
con
----------------End of Script----------------

11:48:40 INFO  : Launch script is exported to file 'D:\klsa\lab2\lab2.sdk\.sdk\launch_scripts\xilinx_c-c++_application_(system_debugger)\system_debugger_using_debug_lab2_pspl.elf_on_local.tcl'
11:52:14 INFO  : SDK has detected change in the last modified timestamps for source hardware specification file Source:1694595133695,  Project:1664541354000
11:52:14 INFO  : Project PS_system_wrapper_hw_platform_4's source hardware specification located at D:/klsa/lab2/lab2.sdk/PS_system_wrapper.hdf is now different from the local copy.
		 The local copy will be replaced with the source specification and your workspace will be updated.
11:52:27 INFO  : Copied contents of D:/klsa/lab2/lab2.sdk/PS_system_wrapper.hdf into \PS_system_wrapper_hw_platform_4\system.hdf.
11:52:30 INFO  : Synchronizing projects in the workspace with the hardware platform specification changes.
11:52:30 INFO  : Clearing existing target manager status.
11:52:33 INFO  : Workspace synchronized with the new hardware specification file. Cleaning dependent projects...
11:52:33 WARN  : Linker script will not be updated automatically. Users need to update it manually.
11:52:46 INFO  : Disconnected from the channel tcfchan#2.
11:52:47 INFO  : Connected to target on host '127.0.0.1' and port '3121'.
11:52:47 INFO  : Jtag cable 'Digilent JTAG-SMT1 210203824634A' is selected.
11:52:47 INFO  : 'jtag frequency' command is executed.
11:52:47 INFO  : Sourcing of 'D:/klsa/lab2/lab2.sdk/PS_system_wrapper_hw_platform_0/ps7_init.tcl' is done.
11:52:47 INFO  : Context for 'APU' is selected.
11:52:47 INFO  : System reset is completed.
11:52:50 INFO  : 'after 3000' command is executed.
11:52:50 INFO  : 'targets -set -filter {jtag_cable_name =~ "Digilent JTAG-SMT1 210203824634A" && level==0} -index 1' command is executed.
11:52:53 INFO  : FPGA configured successfully with bitstream "D:/klsa/lab2/lab2.sdk/PS_system_wrapper_hw_platform_0/PS_system_wrapper.bit"
11:52:53 INFO  : Context for 'APU' is selected.
11:52:54 INFO  : Hardware design information is loaded from 'D:/klsa/lab2/lab2.sdk/PS_system_wrapper_hw_platform_0/system.hdf'.
11:52:54 INFO  : Context for 'APU' is selected.
11:52:55 INFO  : 'ps7_init' command is executed.
11:52:55 INFO  : 'ps7_post_config' command is executed.
11:52:55 INFO  : Context for processor 'ps7_cortexa9_0' is selected.
11:52:55 INFO  : The application 'D:/klsa/lab2/lab2.sdk/Lab2_PSPL/Debug/Lab2_PSPL.elf' is downloaded to processor 'ps7_cortexa9_0'.
11:52:55 INFO  : ----------------XSDB Script----------------
connect -url tcp:127.0.0.1:3121
source D:/klsa/lab2/lab2.sdk/PS_system_wrapper_hw_platform_0/ps7_init.tcl
targets -set -nocase -filter {name =~"APU*" && jtag_cable_name =~ "Digilent JTAG-SMT1 210203824634A"} -index 0
rst -system
after 3000
targets -set -filter {jtag_cable_name =~ "Digilent JTAG-SMT1 210203824634A" && level==0} -index 1
fpga -file D:/klsa/lab2/lab2.sdk/PS_system_wrapper_hw_platform_0/PS_system_wrapper.bit
targets -set -nocase -filter {name =~"APU*" && jtag_cable_name =~ "Digilent JTAG-SMT1 210203824634A"} -index 0
loadhw D:/klsa/lab2/lab2.sdk/PS_system_wrapper_hw_platform_0/system.hdf
targets -set -nocase -filter {name =~"APU*" && jtag_cable_name =~ "Digilent JTAG-SMT1 210203824634A"} -index 0
ps7_init
ps7_post_config
targets -set -nocase -filter {name =~ "ARM*#0" && jtag_cable_name =~ "Digilent JTAG-SMT1 210203824634A"} -index 0
dow D:/klsa/lab2/lab2.sdk/Lab2_PSPL/Debug/Lab2_PSPL.elf
----------------End of Script----------------

11:52:55 INFO  : Memory regions updated for context APU
11:52:55 INFO  : Context for processor 'ps7_cortexa9_0' is selected.
11:52:55 INFO  : 'con' command is executed.
11:52:55 INFO  : ----------------XSDB Script (After Launch)----------------
targets -set -nocase -filter {name =~ "ARM*#0" && jtag_cable_name =~ "Digilent JTAG-SMT1 210203824634A"} -index 0
con
----------------End of Script----------------

11:52:55 INFO  : Launch script is exported to file 'D:\klsa\lab2\lab2.sdk\.sdk\launch_scripts\xilinx_c-c++_application_(system_debugger)\system_debugger_using_debug_lab2_pspl.elf_on_local.tcl'
11:53:09 INFO  : Disconnected from the channel tcfchan#3.
11:53:10 ERROR : Unexpected error while parsing XMD response ?: com.google.gson.JsonSyntaxException: com.google.gson.stream.MalformedJsonException: invalid number or unquoted string near 
11:53:20 INFO  : Registering command handlers for SDK TCF services
11:53:21 INFO  : Launching XSCT server: xsct.bat -interactive D:\klsa\lab2\lab2.sdk\temp_xsdb_launch_script.tcl
11:53:22 INFO  : XSCT server has started successfully.
11:53:22 INFO  : Successfully done setting XSCT server connection channel  
11:53:22 INFO  : Successfully done setting SDK workspace  
11:53:22 INFO  : Processing command line option -hwspec D:/klsa/lab2/lab2.sdk/PS_system_wrapper.hdf.
11:53:22 INFO  : Checking for hwspec changes in the project PS_system_wrapper_hw_platform_4.
11:53:37 INFO  : Connected to target on host '127.0.0.1' and port '3121'.
11:53:38 INFO  : Jtag cable 'Digilent JTAG-SMT1 210203824634A' is selected.
11:53:38 INFO  : 'jtag frequency' command is executed.
11:53:38 INFO  : Sourcing of 'D:/klsa/lab2/lab2.sdk/PS_system_wrapper_hw_platform_0/ps7_init.tcl' is done.
11:53:38 INFO  : Context for 'APU' is selected.
11:53:38 INFO  : System reset is completed.
11:53:41 INFO  : 'after 3000' command is executed.
11:53:42 INFO  : 'targets -set -filter {jtag_cable_name =~ "Digilent JTAG-SMT1 210203824634A" && level==0} -index 1' command is executed.
11:53:44 INFO  : FPGA configured successfully with bitstream "D:/klsa/lab2/lab2.sdk/PS_system_wrapper_hw_platform_0/PS_system_wrapper.bit"
11:53:45 INFO  : Context for 'APU' is selected.
11:53:45 INFO  : Hardware design information is loaded from 'D:/klsa/lab2/lab2.sdk/PS_system_wrapper_hw_platform_0/system.hdf'.
11:53:45 INFO  : Context for 'APU' is selected.
11:53:47 INFO  : 'ps7_init' command is executed.
11:53:47 INFO  : 'ps7_post_config' command is executed.
11:53:48 INFO  : Context for processor 'ps7_cortexa9_0' is selected.
11:53:48 INFO  : The application 'D:/klsa/lab2/lab2.sdk/Lab2_PSPL/Debug/Lab2_PSPL.elf' is downloaded to processor 'ps7_cortexa9_0'.
11:53:48 INFO  : ----------------XSDB Script----------------
connect -url tcp:127.0.0.1:3121
source D:/klsa/lab2/lab2.sdk/PS_system_wrapper_hw_platform_0/ps7_init.tcl
targets -set -nocase -filter {name =~"APU*" && jtag_cable_name =~ "Digilent JTAG-SMT1 210203824634A"} -index 0
rst -system
after 3000
targets -set -filter {jtag_cable_name =~ "Digilent JTAG-SMT1 210203824634A" && level==0} -index 1
fpga -file D:/klsa/lab2/lab2.sdk/PS_system_wrapper_hw_platform_0/PS_system_wrapper.bit
targets -set -nocase -filter {name =~"APU*" && jtag_cable_name =~ "Digilent JTAG-SMT1 210203824634A"} -index 0
loadhw D:/klsa/lab2/lab2.sdk/PS_system_wrapper_hw_platform_0/system.hdf
targets -set -nocase -filter {name =~"APU*" && jtag_cable_name =~ "Digilent JTAG-SMT1 210203824634A"} -index 0
ps7_init
ps7_post_config
targets -set -nocase -filter {name =~ "ARM*#0" && jtag_cable_name =~ "Digilent JTAG-SMT1 210203824634A"} -index 0
dow D:/klsa/lab2/lab2.sdk/Lab2_PSPL/Debug/Lab2_PSPL.elf
----------------End of Script----------------

11:53:48 INFO  : Memory regions updated for context APU
11:53:48 INFO  : Context for processor 'ps7_cortexa9_0' is selected.
11:53:48 INFO  : 'con' command is executed.
11:53:48 INFO  : ----------------XSDB Script (After Launch)----------------
targets -set -nocase -filter {name =~ "ARM*#0" && jtag_cable_name =~ "Digilent JTAG-SMT1 210203824634A"} -index 0
con
----------------End of Script----------------

11:53:48 INFO  : Launch script is exported to file 'D:\klsa\lab2\lab2.sdk\.sdk\launch_scripts\xilinx_c-c++_application_(system_debugger)\system_debugger_using_debug_lab2_pspl.elf_on_local.tcl'
11:54:59 INFO  : Disconnected from the channel tcfchan#1.
14:05:27 INFO  : Registering command handlers for SDK TCF services
14:05:28 INFO  : Launching XSCT server: xsct.bat -interactive D:\klsa\lab2\lab2.sdk\temp_xsdb_launch_script.tcl
14:05:31 INFO  : XSCT server has started successfully.
14:05:31 INFO  : Successfully done setting XSCT server connection channel  
14:05:36 INFO  : Successfully done setting SDK workspace  
14:05:36 INFO  : Processing command line option -hwspec D:/klsa/lab2/lab2.sdk/PS_system_wrapper.hdf.
14:05:36 INFO  : Checking for hwspec changes in the project PS_system_wrapper_hw_platform_4.
14:18:18 INFO  : SDK has detected change in the last modified timestamps for source hardware specification file Source:1694863095959,  Project:1694595133695
14:18:18 INFO  : Project PS_system_wrapper_hw_platform_4's source hardware specification located at D:/klsa/lab2/lab2.sdk/PS_system_wrapper.hdf is now different from the local copy.
		 The local copy will be replaced with the source specification and your workspace will be updated.
14:18:28 INFO  : Project PS_system_wrapper_hw_platform_4's source hardware specification location will not be monitored anymore.
14:18:59 INFO  : Registering command handlers for SDK TCF services
14:18:59 INFO  : Launching XSCT server: xsct.bat -interactive D:\klsa\lab2\lab2.sdk\temp_xsdb_launch_script.tcl
14:19:01 INFO  : XSCT server has started successfully.
14:19:02 INFO  : Successfully done setting XSCT server connection channel  
14:19:02 INFO  : Successfully done setting SDK workspace  
14:19:02 INFO  : Processing command line option -hwspec D:/klsa/lab2/lab2.sdk/PS_system_wrapper.hdf.
10:14:04 INFO  : Registering command handlers for SDK TCF services
10:14:04 INFO  : Launching XSCT server: xsct.bat -interactive D:\microproc\day2\lab2\lab2.sdk\temp_xsdb_launch_script.tcl
10:14:08 INFO  : XSCT server has started successfully.
10:14:09 INFO  : Successfully done setting XSCT server connection channel  
10:14:09 INFO  : Successfully done setting SDK workspace  
10:14:09 INFO  : Processing command line option -hwspec D:/microproc/day2/lab2/lab2.sdk/PS_system_wrapper.hdf.
10:20:05 INFO  : Connected to target on host '127.0.0.1' and port '3121'.
10:20:08 INFO  : ----------------XSDB Script----------------
connect -url tcp:127.0.0.1:3121
----------------End of Script----------------

10:31:22 INFO  : Connected to target on host '127.0.0.1' and port '3121'.
10:31:22 INFO  : Jtag cable 'Digilent JTAG-SMT1 210203824690A' is selected.
10:31:22 INFO  : 'jtag frequency' command is executed.
10:31:22 INFO  : Sourcing of 'D:/microproc/day2/lab2/lab2.sdk/PS_system_wrapper_hw_platform_0/ps7_init.tcl' is done.
10:31:22 INFO  : Context for 'APU' is selected.
10:31:23 INFO  : System reset is completed.
10:31:26 INFO  : 'after 3000' command is executed.
10:31:26 INFO  : 'targets -set -filter {jtag_cable_name =~ "Digilent JTAG-SMT1 210203824690A" && level==0} -index 1' command is executed.
10:31:28 INFO  : FPGA configured successfully with bitstream "D:/microproc/day2/lab2/lab2.sdk/PS_system_wrapper_hw_platform_0/PS_system_wrapper.bit"
10:31:28 INFO  : Context for 'APU' is selected.
10:31:28 INFO  : Hardware design information is loaded from 'D:/microproc/day2/lab2/lab2.sdk/PS_system_wrapper_hw_platform_0/system.hdf'.
10:31:28 INFO  : Context for 'APU' is selected.
10:31:28 INFO  : 'ps7_init' command is executed.
10:31:28 INFO  : 'ps7_post_config' command is executed.
10:31:28 INFO  : Context for processor 'ps7_cortexa9_0' is selected.
10:31:29 INFO  : The application 'D:/microproc/day2/lab2/lab2.sdk/Lab2_PSPL/Debug/Lab2_PSPL.elf' is downloaded to processor 'ps7_cortexa9_0'.
10:31:29 INFO  : ----------------XSDB Script----------------
connect -url tcp:127.0.0.1:3121
source D:/microproc/day2/lab2/lab2.sdk/PS_system_wrapper_hw_platform_0/ps7_init.tcl
targets -set -nocase -filter {name =~"APU*" && jtag_cable_name =~ "Digilent JTAG-SMT1 210203824690A"} -index 0
rst -system
after 3000
targets -set -filter {jtag_cable_name =~ "Digilent JTAG-SMT1 210203824690A" && level==0} -index 1
fpga -file D:/microproc/day2/lab2/lab2.sdk/PS_system_wrapper_hw_platform_0/PS_system_wrapper.bit
targets -set -nocase -filter {name =~"APU*" && jtag_cable_name =~ "Digilent JTAG-SMT1 210203824690A"} -index 0
loadhw D:/microproc/day2/lab2/lab2.sdk/PS_system_wrapper_hw_platform_0/system.hdf
targets -set -nocase -filter {name =~"APU*" && jtag_cable_name =~ "Digilent JTAG-SMT1 210203824690A"} -index 0
ps7_init
ps7_post_config
targets -set -nocase -filter {name =~ "ARM*#0" && jtag_cable_name =~ "Digilent JTAG-SMT1 210203824690A"} -index 0
dow D:/microproc/day2/lab2/lab2.sdk/Lab2_PSPL/Debug/Lab2_PSPL.elf
----------------End of Script----------------

10:31:29 INFO  : Memory regions updated for context APU
10:31:29 INFO  : Context for processor 'ps7_cortexa9_0' is selected.
10:31:29 INFO  : 'con' command is executed.
10:31:29 INFO  : ----------------XSDB Script (After Launch)----------------
targets -set -nocase -filter {name =~ "ARM*#0" && jtag_cable_name =~ "Digilent JTAG-SMT1 210203824690A"} -index 0
con
----------------End of Script----------------

10:31:29 INFO  : Launch script is exported to file 'D:\microproc\day2\lab2\lab2.sdk\.sdk\launch_scripts\xilinx_c-c++_application_(system_debugger)\system_debugger_using_debug_lab2_pspl.elf_on_local.tcl'
10:32:18 INFO  : Disconnected from the channel tcfchan#1.
10:32:19 INFO  : Connected to target on host '127.0.0.1' and port '3121'.
10:32:19 INFO  : Jtag cable 'Digilent JTAG-SMT1 210203824690A' is selected.
10:32:19 INFO  : 'jtag frequency' command is executed.
10:32:19 INFO  : Sourcing of 'D:/microproc/day2/lab2/lab2.sdk/PS_system_wrapper_hw_platform_0/ps7_init.tcl' is done.
10:32:19 INFO  : Context for 'APU' is selected.
10:32:19 INFO  : System reset is completed.
10:32:22 INFO  : 'after 3000' command is executed.
10:32:22 INFO  : 'targets -set -filter {jtag_cable_name =~ "Digilent JTAG-SMT1 210203824690A" && level==0} -index 1' command is executed.
10:32:25 INFO  : FPGA configured successfully with bitstream "D:/microproc/day2/lab2/lab2.sdk/PS_system_wrapper_hw_platform_0/PS_system_wrapper.bit"
10:32:25 INFO  : Context for 'APU' is selected.
10:32:27 INFO  : Hardware design information is loaded from 'D:/microproc/day2/lab2/lab2.sdk/PS_system_wrapper_hw_platform_0/system.hdf'.
10:32:27 INFO  : Context for 'APU' is selected.
10:32:27 INFO  : 'ps7_init' command is executed.
10:32:27 INFO  : 'ps7_post_config' command is executed.
10:32:27 INFO  : Context for processor 'ps7_cortexa9_0' is selected.
10:32:28 INFO  : The application 'D:/microproc/day2/lab2/lab2.sdk/Lab2_PSPL/Debug/Lab2_PSPL.elf' is downloaded to processor 'ps7_cortexa9_0'.
10:32:28 INFO  : ----------------XSDB Script----------------
connect -url tcp:127.0.0.1:3121
source D:/microproc/day2/lab2/lab2.sdk/PS_system_wrapper_hw_platform_0/ps7_init.tcl
targets -set -nocase -filter {name =~"APU*" && jtag_cable_name =~ "Digilent JTAG-SMT1 210203824690A"} -index 0
rst -system
after 3000
targets -set -filter {jtag_cable_name =~ "Digilent JTAG-SMT1 210203824690A" && level==0} -index 1
fpga -file D:/microproc/day2/lab2/lab2.sdk/PS_system_wrapper_hw_platform_0/PS_system_wrapper.bit
targets -set -nocase -filter {name =~"APU*" && jtag_cable_name =~ "Digilent JTAG-SMT1 210203824690A"} -index 0
loadhw D:/microproc/day2/lab2/lab2.sdk/PS_system_wrapper_hw_platform_0/system.hdf
targets -set -nocase -filter {name =~"APU*" && jtag_cable_name =~ "Digilent JTAG-SMT1 210203824690A"} -index 0
ps7_init
ps7_post_config
targets -set -nocase -filter {name =~ "ARM*#0" && jtag_cable_name =~ "Digilent JTAG-SMT1 210203824690A"} -index 0
dow D:/microproc/day2/lab2/lab2.sdk/Lab2_PSPL/Debug/Lab2_PSPL.elf
----------------End of Script----------------

10:32:28 INFO  : Memory regions updated for context APU
10:32:28 INFO  : Context for processor 'ps7_cortexa9_0' is selected.
10:32:28 INFO  : 'con' command is executed.
10:32:28 INFO  : ----------------XSDB Script (After Launch)----------------
targets -set -nocase -filter {name =~ "ARM*#0" && jtag_cable_name =~ "Digilent JTAG-SMT1 210203824690A"} -index 0
con
----------------End of Script----------------

10:32:28 INFO  : Launch script is exported to file 'D:\microproc\day2\lab2\lab2.sdk\.sdk\launch_scripts\xilinx_c-c++_application_(system_debugger)\system_debugger_using_debug_lab2_pspl.elf_on_local.tcl'
10:33:38 INFO  : Disconnected from the channel tcfchan#2.
10:33:39 INFO  : Connected to target on host '127.0.0.1' and port '3121'.
10:33:39 INFO  : Jtag cable 'Digilent JTAG-SMT1 210203824690A' is selected.
10:33:39 INFO  : 'jtag frequency' command is executed.
10:33:39 INFO  : Sourcing of 'D:/microproc/day2/lab2/lab2.sdk/PS_system_wrapper_hw_platform_0/ps7_init.tcl' is done.
10:33:39 INFO  : Context for 'APU' is selected.
10:33:39 INFO  : System reset is completed.
10:33:42 INFO  : 'after 3000' command is executed.
10:33:42 INFO  : 'targets -set -filter {jtag_cable_name =~ "Digilent JTAG-SMT1 210203824690A" && level==0} -index 1' command is executed.
10:33:44 INFO  : FPGA configured successfully with bitstream "D:/microproc/day2/lab2/lab2.sdk/PS_system_wrapper_hw_platform_0/PS_system_wrapper.bit"
10:33:44 INFO  : Context for 'APU' is selected.
10:33:44 INFO  : Hardware design information is loaded from 'D:/microproc/day2/lab2/lab2.sdk/PS_system_wrapper_hw_platform_0/system.hdf'.
10:33:44 INFO  : Context for 'APU' is selected.
10:33:45 INFO  : 'ps7_init' command is executed.
10:33:45 INFO  : 'ps7_post_config' command is executed.
10:33:45 INFO  : Context for processor 'ps7_cortexa9_0' is selected.
10:33:45 INFO  : The application 'D:/microproc/day2/lab2/lab2.sdk/Lab2_PSPL/Debug/Lab2_PSPL.elf' is downloaded to processor 'ps7_cortexa9_0'.
10:33:45 INFO  : ----------------XSDB Script----------------
connect -url tcp:127.0.0.1:3121
source D:/microproc/day2/lab2/lab2.sdk/PS_system_wrapper_hw_platform_0/ps7_init.tcl
targets -set -nocase -filter {name =~"APU*" && jtag_cable_name =~ "Digilent JTAG-SMT1 210203824690A"} -index 0
rst -system
after 3000
targets -set -filter {jtag_cable_name =~ "Digilent JTAG-SMT1 210203824690A" && level==0} -index 1
fpga -file D:/microproc/day2/lab2/lab2.sdk/PS_system_wrapper_hw_platform_0/PS_system_wrapper.bit
targets -set -nocase -filter {name =~"APU*" && jtag_cable_name =~ "Digilent JTAG-SMT1 210203824690A"} -index 0
loadhw D:/microproc/day2/lab2/lab2.sdk/PS_system_wrapper_hw_platform_0/system.hdf
targets -set -nocase -filter {name =~"APU*" && jtag_cable_name =~ "Digilent JTAG-SMT1 210203824690A"} -index 0
ps7_init
ps7_post_config
targets -set -nocase -filter {name =~ "ARM*#0" && jtag_cable_name =~ "Digilent JTAG-SMT1 210203824690A"} -index 0
dow D:/microproc/day2/lab2/lab2.sdk/Lab2_PSPL/Debug/Lab2_PSPL.elf
----------------End of Script----------------

10:33:45 INFO  : Memory regions updated for context APU
10:33:45 INFO  : Context for processor 'ps7_cortexa9_0' is selected.
10:33:45 INFO  : 'con' command is executed.
10:33:45 INFO  : ----------------XSDB Script (After Launch)----------------
targets -set -nocase -filter {name =~ "ARM*#0" && jtag_cable_name =~ "Digilent JTAG-SMT1 210203824690A"} -index 0
con
----------------End of Script----------------

10:33:45 INFO  : Launch script is exported to file 'D:\microproc\day2\lab2\lab2.sdk\.sdk\launch_scripts\xilinx_c-c++_application_(system_debugger)\system_debugger_using_debug_lab2_pspl.elf_on_local.tcl'
10:34:46 INFO  : Disconnected from the channel tcfchan#3.
10:34:47 INFO  : Connected to target on host '127.0.0.1' and port '3121'.
10:34:47 INFO  : Jtag cable 'Digilent JTAG-SMT1 210203824690A' is selected.
10:34:47 INFO  : 'jtag frequency' command is executed.
10:34:47 INFO  : Sourcing of 'D:/microproc/day2/lab2/lab2.sdk/PS_system_wrapper_hw_platform_0/ps7_init.tcl' is done.
10:34:47 INFO  : Context for 'APU' is selected.
10:34:48 INFO  : System reset is completed.
10:34:51 INFO  : 'after 3000' command is executed.
10:34:51 INFO  : 'targets -set -filter {jtag_cable_name =~ "Digilent JTAG-SMT1 210203824690A" && level==0} -index 1' command is executed.
10:34:53 INFO  : FPGA configured successfully with bitstream "D:/microproc/day2/lab2/lab2.sdk/PS_system_wrapper_hw_platform_0/PS_system_wrapper.bit"
10:34:53 INFO  : Context for 'APU' is selected.
10:34:53 INFO  : Hardware design information is loaded from 'D:/microproc/day2/lab2/lab2.sdk/PS_system_wrapper_hw_platform_0/system.hdf'.
10:34:53 INFO  : Context for 'APU' is selected.
10:34:53 INFO  : 'ps7_init' command is executed.
10:34:53 INFO  : 'ps7_post_config' command is executed.
10:34:53 INFO  : Context for processor 'ps7_cortexa9_0' is selected.
10:34:54 INFO  : The application 'D:/microproc/day2/lab2/lab2.sdk/Lab2_PSPL/Debug/Lab2_PSPL.elf' is downloaded to processor 'ps7_cortexa9_0'.
10:34:54 INFO  : ----------------XSDB Script----------------
connect -url tcp:127.0.0.1:3121
source D:/microproc/day2/lab2/lab2.sdk/PS_system_wrapper_hw_platform_0/ps7_init.tcl
targets -set -nocase -filter {name =~"APU*" && jtag_cable_name =~ "Digilent JTAG-SMT1 210203824690A"} -index 0
rst -system
after 3000
targets -set -filter {jtag_cable_name =~ "Digilent JTAG-SMT1 210203824690A" && level==0} -index 1
fpga -file D:/microproc/day2/lab2/lab2.sdk/PS_system_wrapper_hw_platform_0/PS_system_wrapper.bit
targets -set -nocase -filter {name =~"APU*" && jtag_cable_name =~ "Digilent JTAG-SMT1 210203824690A"} -index 0
loadhw D:/microproc/day2/lab2/lab2.sdk/PS_system_wrapper_hw_platform_0/system.hdf
targets -set -nocase -filter {name =~"APU*" && jtag_cable_name =~ "Digilent JTAG-SMT1 210203824690A"} -index 0
ps7_init
ps7_post_config
targets -set -nocase -filter {name =~ "ARM*#0" && jtag_cable_name =~ "Digilent JTAG-SMT1 210203824690A"} -index 0
dow D:/microproc/day2/lab2/lab2.sdk/Lab2_PSPL/Debug/Lab2_PSPL.elf
----------------End of Script----------------

10:34:54 INFO  : Memory regions updated for context APU
10:34:54 INFO  : Context for processor 'ps7_cortexa9_0' is selected.
10:34:54 INFO  : 'con' command is executed.
10:34:54 INFO  : ----------------XSDB Script (After Launch)----------------
targets -set -nocase -filter {name =~ "ARM*#0" && jtag_cable_name =~ "Digilent JTAG-SMT1 210203824690A"} -index 0
con
----------------End of Script----------------

10:34:54 INFO  : Launch script is exported to file 'D:\microproc\day2\lab2\lab2.sdk\.sdk\launch_scripts\xilinx_c-c++_application_(system_debugger)\system_debugger_using_debug_lab2_pspl.elf_on_local.tcl'
10:41:14 INFO  : Disconnected from the channel tcfchan#4.
10:41:15 INFO  : 'targets -set -filter {jtag_cable_name =~ "Digilent JTAG-SMT1 210203824690A" && level==0} -index 1' command is executed.
10:41:15 INFO  : 'fpga -state' command is executed.
10:41:35 INFO  : Connected to target on host '127.0.0.1' and port '3121'.
10:41:35 INFO  : Jtag cable 'Digilent JTAG-SMT1 210203824690A' is selected.
10:41:35 INFO  : 'jtag frequency' command is executed.
10:41:35 INFO  : Sourcing of 'D:/microproc/day2/lab2/lab2.sdk/PS_system_wrapper_hw_platform_0/ps7_init.tcl' is done.
10:41:35 INFO  : Context for 'APU' is selected.
10:41:35 INFO  : Hardware design information is loaded from 'D:/microproc/day2/lab2/lab2.sdk/PS_system_wrapper_hw_platform_0/system.hdf'.
10:41:35 INFO  : Context for 'APU' is selected.
10:41:35 INFO  : 'stop' command is executed.
10:41:36 INFO  : 'ps7_init' command is executed.
10:41:36 INFO  : 'ps7_post_config' command is executed.
10:41:36 INFO  : Context for processor 'ps7_cortexa9_0' is selected.
10:41:36 INFO  : Processor reset is completed for 'ps7_cortexa9_0'.
10:41:36 INFO  : Context for processor 'ps7_cortexa9_0' is selected.
10:41:36 INFO  : The application 'D:/microproc/day2/lab2/lab2.sdk/lab7/Debug/lab7.elf' is downloaded to processor 'ps7_cortexa9_0'.
10:41:36 INFO  : ----------------XSDB Script----------------
connect -url tcp:127.0.0.1:3121
source D:/microproc/day2/lab2/lab2.sdk/PS_system_wrapper_hw_platform_0/ps7_init.tcl
targets -set -nocase -filter {name =~"APU*" && jtag_cable_name =~ "Digilent JTAG-SMT1 210203824690A"} -index 0
loadhw D:/microproc/day2/lab2/lab2.sdk/PS_system_wrapper_hw_platform_0/system.hdf
targets -set -nocase -filter {name =~"APU*" && jtag_cable_name =~ "Digilent JTAG-SMT1 210203824690A"} -index 0
stop
ps7_init
ps7_post_config
targets -set -nocase -filter {name =~ "ARM*#0" && jtag_cable_name =~ "Digilent JTAG-SMT1 210203824690A"} -index 0
rst -processor
targets -set -nocase -filter {name =~ "ARM*#0" && jtag_cable_name =~ "Digilent JTAG-SMT1 210203824690A"} -index 0
dow D:/microproc/day2/lab2/lab2.sdk/lab7/Debug/lab7.elf
----------------End of Script----------------

10:41:36 INFO  : Memory regions updated for context APU
10:41:36 INFO  : Context for processor 'ps7_cortexa9_0' is selected.
10:41:36 INFO  : 'con' command is executed.
10:41:36 INFO  : ----------------XSDB Script (After Launch)----------------
targets -set -nocase -filter {name =~ "ARM*#0" && jtag_cable_name =~ "Digilent JTAG-SMT1 210203824690A"} -index 0
con
----------------End of Script----------------

10:41:36 INFO  : Launch script is exported to file 'D:\microproc\day2\lab2\lab2.sdk\.sdk\launch_scripts\xilinx_c-c++_application_(system_debugger)\system_debugger_using_debug_lab7.elf_on_local.tcl'
10:49:17 INFO  : Disconnected from the channel tcfchan#5.
10:49:18 INFO  : 'targets -set -filter {jtag_cable_name =~ "Digilent JTAG-SMT1 210203824690A" && level==0} -index 1' command is executed.
10:49:18 INFO  : 'fpga -state' command is executed.
10:49:19 INFO  : Connected to target on host '127.0.0.1' and port '3121'.
10:49:19 INFO  : Jtag cable 'Digilent JTAG-SMT1 210203824690A' is selected.
10:49:19 INFO  : 'jtag frequency' command is executed.
10:49:19 INFO  : Sourcing of 'D:/microproc/day2/lab2/lab2.sdk/PS_system_wrapper_hw_platform_0/ps7_init.tcl' is done.
10:49:19 INFO  : Context for 'APU' is selected.
10:49:19 INFO  : Hardware design information is loaded from 'D:/microproc/day2/lab2/lab2.sdk/PS_system_wrapper_hw_platform_0/system.hdf'.
10:49:19 INFO  : Context for 'APU' is selected.
10:49:19 INFO  : 'stop' command is executed.
10:49:20 INFO  : 'ps7_init' command is executed.
10:49:20 INFO  : 'ps7_post_config' command is executed.
10:49:20 INFO  : Context for processor 'ps7_cortexa9_0' is selected.
10:49:20 INFO  : Processor reset is completed for 'ps7_cortexa9_0'.
10:49:20 INFO  : Context for processor 'ps7_cortexa9_0' is selected.
10:49:20 INFO  : The application 'D:/microproc/day2/lab2/lab2.sdk/lab7/Debug/lab7.elf' is downloaded to processor 'ps7_cortexa9_0'.
10:49:20 INFO  : ----------------XSDB Script----------------
connect -url tcp:127.0.0.1:3121
source D:/microproc/day2/lab2/lab2.sdk/PS_system_wrapper_hw_platform_0/ps7_init.tcl
targets -set -nocase -filter {name =~"APU*" && jtag_cable_name =~ "Digilent JTAG-SMT1 210203824690A"} -index 0
loadhw D:/microproc/day2/lab2/lab2.sdk/PS_system_wrapper_hw_platform_0/system.hdf
targets -set -nocase -filter {name =~"APU*" && jtag_cable_name =~ "Digilent JTAG-SMT1 210203824690A"} -index 0
stop
ps7_init
ps7_post_config
targets -set -nocase -filter {name =~ "ARM*#0" && jtag_cable_name =~ "Digilent JTAG-SMT1 210203824690A"} -index 0
rst -processor
targets -set -nocase -filter {name =~ "ARM*#0" && jtag_cable_name =~ "Digilent JTAG-SMT1 210203824690A"} -index 0
dow D:/microproc/day2/lab2/lab2.sdk/lab7/Debug/lab7.elf
----------------End of Script----------------

10:49:20 INFO  : Memory regions updated for context APU
10:49:20 INFO  : Context for processor 'ps7_cortexa9_0' is selected.
10:49:20 INFO  : 'con' command is executed.
10:49:20 INFO  : ----------------XSDB Script (After Launch)----------------
targets -set -nocase -filter {name =~ "ARM*#0" && jtag_cable_name =~ "Digilent JTAG-SMT1 210203824690A"} -index 0
con
----------------End of Script----------------

10:49:20 INFO  : Launch script is exported to file 'D:\microproc\day2\lab2\lab2.sdk\.sdk\launch_scripts\xilinx_c-c++_application_(system_debugger)\system_debugger_using_debug_lab7.elf_on_local.tcl'
10:55:59 INFO  : Disconnected from the channel tcfchan#6.
