
*** Running vivado
    with args -log PS_system_wrapper.vdi -applog -m64 -product Vivado -messageDb vivado.pb -mode batch -source PS_system_wrapper.tcl -notrace


****** Vivado v2016.3 (64-bit)
  **** SW Build 1682563 on Mon Oct 10 19:07:27 MDT 2016
  **** IP Build 1681267 on Mon Oct 10 21:28:31 MDT 2016
    ** Copyright 1986-2016 Xilinx, Inc. All Rights Reserved.

source PS_system_wrapper.tcl -notrace
Design is defaulting to srcset: sources_1
Design is defaulting to constrset: constrs_1
INFO: [Netlist 29-17] Analyzing 75 Unisim elements for replacement
INFO: [Netlist 29-28] Unisim Transformation completed in 0 CPU seconds
INFO: [Project 1-479] Netlist was created with Vivado 2016.3
INFO: [Device 21-403] Loading part xc7z020clg484-1
INFO: [Project 1-570] Preparing netlist for logic optimization
Parsing XDC File [d:/klsa/lab2/lab2.srcs/sources_1/bd/PS_system/ip/PS_system_processing_system7_0_0/PS_system_processing_system7_0_0.xdc] for cell 'PS_system_i/processing_system7_0/inst'
Finished Parsing XDC File [d:/klsa/lab2/lab2.srcs/sources_1/bd/PS_system/ip/PS_system_processing_system7_0_0/PS_system_processing_system7_0_0.xdc] for cell 'PS_system_i/processing_system7_0/inst'
Parsing XDC File [d:/klsa/lab2/lab2.srcs/sources_1/bd/PS_system/ip/PS_system_axi_gpio_0_0/PS_system_axi_gpio_0_0_board.xdc] for cell 'PS_system_i/axi_gpio_0/U0'
Finished Parsing XDC File [d:/klsa/lab2/lab2.srcs/sources_1/bd/PS_system/ip/PS_system_axi_gpio_0_0/PS_system_axi_gpio_0_0_board.xdc] for cell 'PS_system_i/axi_gpio_0/U0'
Parsing XDC File [d:/klsa/lab2/lab2.srcs/sources_1/bd/PS_system/ip/PS_system_axi_gpio_0_0/PS_system_axi_gpio_0_0.xdc] for cell 'PS_system_i/axi_gpio_0/U0'
Finished Parsing XDC File [d:/klsa/lab2/lab2.srcs/sources_1/bd/PS_system/ip/PS_system_axi_gpio_0_0/PS_system_axi_gpio_0_0.xdc] for cell 'PS_system_i/axi_gpio_0/U0'
Parsing XDC File [d:/klsa/lab2/lab2.srcs/sources_1/bd/PS_system/ip/PS_system_axi_timer_0_0/PS_system_axi_timer_0_0.xdc] for cell 'PS_system_i/axi_timer_0/U0'
Finished Parsing XDC File [d:/klsa/lab2/lab2.srcs/sources_1/bd/PS_system/ip/PS_system_axi_timer_0_0/PS_system_axi_timer_0_0.xdc] for cell 'PS_system_i/axi_timer_0/U0'
Parsing XDC File [d:/klsa/lab2/lab2.srcs/sources_1/bd/PS_system/ip/PS_system_rst_ps7_0_50M_0/PS_system_rst_ps7_0_50M_0_board.xdc] for cell 'PS_system_i/rst_ps7_0_50M/U0'
Finished Parsing XDC File [d:/klsa/lab2/lab2.srcs/sources_1/bd/PS_system/ip/PS_system_rst_ps7_0_50M_0/PS_system_rst_ps7_0_50M_0_board.xdc] for cell 'PS_system_i/rst_ps7_0_50M/U0'
Parsing XDC File [d:/klsa/lab2/lab2.srcs/sources_1/bd/PS_system/ip/PS_system_rst_ps7_0_50M_0/PS_system_rst_ps7_0_50M_0.xdc] for cell 'PS_system_i/rst_ps7_0_50M/U0'
Finished Parsing XDC File [d:/klsa/lab2/lab2.srcs/sources_1/bd/PS_system/ip/PS_system_rst_ps7_0_50M_0/PS_system_rst_ps7_0_50M_0.xdc] for cell 'PS_system_i/rst_ps7_0_50M/U0'
Parsing XDC File [D:/klsa/lab2/lab2.srcs/constrs_1/new/Lab2_Constaints1.xdc]
Finished Parsing XDC File [D:/klsa/lab2/lab2.srcs/constrs_1/new/Lab2_Constaints1.xdc]
INFO: [Opt 31-138] Pushed 0 inverter(s) to 0 load pin(s).
INFO: [Project 1-111] Unisim Transformation Summary:
  A total of 2 instances were transformed.
  IOBUF => IOBUF (IBUF, OBUFT): 2 instances

link_design: Time (s): cpu = 00:00:05 ; elapsed = 00:00:06 . Memory (MB): peak = 536.457 ; gain = 291.930
Command: opt_design
Attempting to get a license for feature 'Implementation' and/or device 'xc7z020'
INFO: [Common 17-349] Got license for feature 'Implementation' and/or device 'xc7z020'
Running DRC as a precondition to command opt_design

Starting DRC Task
INFO: [DRC 23-27] Running DRC with 2 threads
INFO: [Project 1-461] DRC finished with 0 Errors
INFO: [Project 1-462] Please refer to the DRC report (report_drc) for more information.

Time (s): cpu = 00:00:01 ; elapsed = 00:00:00.499 . Memory (MB): peak = 546.695 ; gain = 10.238
INFO: [Timing 38-35] Done setting XDC timing constraints.

Starting Logic Optimization Task
Implement Debug Cores | Checksum: 1e469dfb9

Phase 1 Retarget
INFO: [Opt 31-138] Pushed 0 inverter(s) to 0 load pin(s).
INFO: [Opt 31-49] Retargeted 0 cell(s).
Phase 1 Retarget | Checksum: 20d901bb0

Time (s): cpu = 00:00:00 ; elapsed = 00:00:00.187 . Memory (MB): peak = 1029.914 ; gain = 0.000

Phase 2 Constant propagation
INFO: [Opt 31-138] Pushed 0 inverter(s) to 0 load pin(s).
INFO: [Opt 31-10] Eliminated 114 cells.
Phase 2 Constant propagation | Checksum: 1a797c33a

Time (s): cpu = 00:00:01 ; elapsed = 00:00:00.452 . Memory (MB): peak = 1029.914 ; gain = 0.000

Phase 3 Sweep
INFO: [Opt 31-12] Eliminated 306 unconnected nets.
INFO: [Opt 31-11] Eliminated 150 unconnected cells.
Phase 3 Sweep | Checksum: 1d8807121

Time (s): cpu = 00:00:01 ; elapsed = 00:00:00.827 . Memory (MB): peak = 1029.914 ; gain = 0.000

Phase 4 BUFG optimization
INFO: [Opt 31-12] Eliminated 0 unconnected nets.
INFO: [Opt 31-11] Eliminated 0 unconnected cells.
Phase 4 BUFG optimization | Checksum: 237f26ae1

Time (s): cpu = 00:00:01 ; elapsed = 00:00:01 . Memory (MB): peak = 1029.914 ; gain = 0.000

Starting Connectivity Check Task

Time (s): cpu = 00:00:00 ; elapsed = 00:00:00.016 . Memory (MB): peak = 1029.914 ; gain = 0.000
Ending Logic Optimization Task | Checksum: 237f26ae1

Time (s): cpu = 00:00:01 ; elapsed = 00:00:01 . Memory (MB): peak = 1029.914 ; gain = 0.000

Starting Power Optimization Task
INFO: [Pwropt 34-132] Skipping clock gating for clocks with a period < 2.00 ns.
Ending Power Optimization Task | Checksum: 237f26ae1

Time (s): cpu = 00:00:00 ; elapsed = 00:00:00.047 . Memory (MB): peak = 1029.914 ; gain = 0.000
INFO: [Common 17-83] Releasing license: Implementation
22 Infos, 0 Warnings, 0 Critical Warnings and 0 Errors encountered.
opt_design completed successfully
opt_design: Time (s): cpu = 00:00:10 ; elapsed = 00:00:11 . Memory (MB): peak = 1029.914 ; gain = 493.457
Writing placer database...
Writing XDEF routing.
Writing XDEF routing logical nets.
Writing XDEF routing special nets.
Write XDEF Complete: Time (s): cpu = 00:00:01 ; elapsed = 00:00:00.203 . Memory (MB): peak = 1029.914 ; gain = 0.000
INFO: [Common 17-1381] The checkpoint 'D:/klsa/lab2/lab2.runs/impl_1/PS_system_wrapper_opt.dcp' has been generated.
INFO: [DRC 23-27] Running DRC with 2 threads
INFO: [Coretcl 2-168] The results of DRC are in file D:/klsa/lab2/lab2.runs/impl_1/PS_system_wrapper_drc_opted.rpt.
INFO: [Chipscope 16-241] No debug cores found in the current design.
Before running the implement_debug_core command, either use the Set Up Debug wizard (GUI mode)
or use the create_debug_core and connect_debug_core Tcl commands to insert debug cores into the design.
Command: place_design
Attempting to get a license for feature 'Implementation' and/or device 'xc7z020'
INFO: [Common 17-349] Got license for feature 'Implementation' and/or device 'xc7z020'
INFO: [DRC 23-27] Running DRC with 2 threads
INFO: [Vivado_Tcl 4-198] DRC finished with 0 Errors
INFO: [Vivado_Tcl 4-199] Please refer to the DRC report (report_drc) for more information.
Running DRC as a precondition to command place_design
INFO: [DRC 23-27] Running DRC with 2 threads
INFO: [Vivado_Tcl 4-198] DRC finished with 0 Errors
INFO: [Vivado_Tcl 4-199] Please refer to the DRC report (report_drc) for more information.

Starting Placer Task
INFO: [Place 30-611] Multithreading enabled for place_design using a maximum of 2 CPUs

Phase 1 Placer Initialization
Netlist sorting complete. Time (s): cpu = 00:00:00 ; elapsed = 00:00:00 . Memory (MB): peak = 1029.914 ; gain = 0.000
Netlist sorting complete. Time (s): cpu = 00:00:00 ; elapsed = 00:00:00.015 . Memory (MB): peak = 1029.914 ; gain = 0.000

Phase 1.1 IO Placement/ Clock Placement/ Build Placer Device
INFO: [Timing 38-35] Done setting XDC timing constraints.
Phase 1.1 IO Placement/ Clock Placement/ Build Placer Device | Checksum: 20796e08

Time (s): cpu = 00:00:01 ; elapsed = 00:00:02 . Memory (MB): peak = 1058.387 ; gain = 28.473

Phase 1.2 Build Placer Netlist Model
Phase 1.2 Build Placer Netlist Model | Checksum: 844fffd5

Time (s): cpu = 00:00:02 ; elapsed = 00:00:03 . Memory (MB): peak = 1058.387 ; gain = 28.473

Phase 1.3 Constrain Clocks/Macros
Phase 1.3 Constrain Clocks/Macros | Checksum: 844fffd5

Time (s): cpu = 00:00:02 ; elapsed = 00:00:03 . Memory (MB): peak = 1058.387 ; gain = 28.473
Phase 1 Placer Initialization | Checksum: 844fffd5

Time (s): cpu = 00:00:02 ; elapsed = 00:00:03 . Memory (MB): peak = 1058.387 ; gain = 28.473

Phase 2 Global Placement
Phase 2 Global Placement | Checksum: a9bc03e1

Time (s): cpu = 00:00:05 ; elapsed = 00:00:05 . Memory (MB): peak = 1058.387 ; gain = 28.473

Phase 3 Detail Placement

Phase 3.1 Commit Multi Column Macros
Phase 3.1 Commit Multi Column Macros | Checksum: a9bc03e1

Time (s): cpu = 00:00:05 ; elapsed = 00:00:05 . Memory (MB): peak = 1058.387 ; gain = 28.473

Phase 3.2 Commit Most Macros & LUTRAMs
Phase 3.2 Commit Most Macros & LUTRAMs | Checksum: 114883051

Time (s): cpu = 00:00:05 ; elapsed = 00:00:05 . Memory (MB): peak = 1058.387 ; gain = 28.473

Phase 3.3 Area Swap Optimization
Phase 3.3 Area Swap Optimization | Checksum: 169432de6

Time (s): cpu = 00:00:05 ; elapsed = 00:00:05 . Memory (MB): peak = 1058.387 ; gain = 28.473

Phase 3.4 Pipeline Register Optimization
Phase 3.4 Pipeline Register Optimization | Checksum: 169432de6

Time (s): cpu = 00:00:05 ; elapsed = 00:00:05 . Memory (MB): peak = 1058.387 ; gain = 28.473

Phase 3.5 Timing Path Optimizer
Phase 3.5 Timing Path Optimizer | Checksum: 1086e6826

Time (s): cpu = 00:00:05 ; elapsed = 00:00:05 . Memory (MB): peak = 1058.387 ; gain = 28.473

Phase 3.6 Small Shape Detail Placement
Phase 3.6 Small Shape Detail Placement | Checksum: 194148da1

Time (s): cpu = 00:00:06 ; elapsed = 00:00:06 . Memory (MB): peak = 1058.387 ; gain = 28.473

Phase 3.7 Re-assign LUT pins
Phase 3.7 Re-assign LUT pins | Checksum: 1451b30dd

Time (s): cpu = 00:00:06 ; elapsed = 00:00:06 . Memory (MB): peak = 1058.387 ; gain = 28.473

Phase 3.8 Pipeline Register Optimization
Phase 3.8 Pipeline Register Optimization | Checksum: 1451b30dd

Time (s): cpu = 00:00:06 ; elapsed = 00:00:06 . Memory (MB): peak = 1058.387 ; gain = 28.473
Phase 3 Detail Placement | Checksum: 1451b30dd

Time (s): cpu = 00:00:06 ; elapsed = 00:00:06 . Memory (MB): peak = 1058.387 ; gain = 28.473

Phase 4 Post Placement Optimization and Clean-Up

Phase 4.1 Post Commit Optimization
INFO: [Timing 38-35] Done setting XDC timing constraints.

Phase 4.1.1 Post Placement Optimization
INFO: [Place 30-746] Post Placement Timing Summary WNS=13.577. For the most accurate timing information please run report_timing.
Phase 4.1.1 Post Placement Optimization | Checksum: 1d4930ca7

Time (s): cpu = 00:00:06 ; elapsed = 00:00:06 . Memory (MB): peak = 1058.387 ; gain = 28.473
Phase 4.1 Post Commit Optimization | Checksum: 1d4930ca7

Time (s): cpu = 00:00:06 ; elapsed = 00:00:06 . Memory (MB): peak = 1058.387 ; gain = 28.473

Phase 4.2 Post Placement Cleanup
Phase 4.2 Post Placement Cleanup | Checksum: 1d4930ca7

Time (s): cpu = 00:00:06 ; elapsed = 00:00:06 . Memory (MB): peak = 1058.387 ; gain = 28.473

Phase 4.3 Placer Reporting
Phase 4.3 Placer Reporting | Checksum: 1d4930ca7

Time (s): cpu = 00:00:06 ; elapsed = 00:00:06 . Memory (MB): peak = 1058.387 ; gain = 28.473

Phase 4.4 Final Placement Cleanup
Phase 4.4 Final Placement Cleanup | Checksum: 192625c16

Time (s): cpu = 00:00:06 ; elapsed = 00:00:06 . Memory (MB): peak = 1058.387 ; gain = 28.473
Phase 4 Post Placement Optimization and Clean-Up | Checksum: 192625c16

Time (s): cpu = 00:00:06 ; elapsed = 00:00:06 . Memory (MB): peak = 1058.387 ; gain = 28.473
Ending Placer Task | Checksum: 94c3c7bf

Time (s): cpu = 00:00:06 ; elapsed = 00:00:06 . Memory (MB): peak = 1058.387 ; gain = 28.473
INFO: [Common 17-83] Releasing license: Implementation
38 Infos, 0 Warnings, 0 Critical Warnings and 0 Errors encountered.
place_design completed successfully
place_design: Time (s): cpu = 00:00:08 ; elapsed = 00:00:08 . Memory (MB): peak = 1058.387 ; gain = 28.473
Writing placer database...
Writing XDEF routing.
Writing XDEF routing logical nets.
Writing XDEF routing special nets.
Write XDEF Complete: Time (s): cpu = 00:00:01 ; elapsed = 00:00:00.187 . Memory (MB): peak = 1058.387 ; gain = 0.000
INFO: [Common 17-1381] The checkpoint 'D:/klsa/lab2/lab2.runs/impl_1/PS_system_wrapper_placed.dcp' has been generated.
report_io: Time (s): cpu = 00:00:00 ; elapsed = 00:00:00.094 . Memory (MB): peak = 1058.387 ; gain = 0.000
report_utilization: Time (s): cpu = 00:00:01 ; elapsed = 00:00:00.047 . Memory (MB): peak = 1058.387 ; gain = 0.000
report_control_sets: Time (s): cpu = 00:00:00 ; elapsed = 00:00:00.015 . Memory (MB): peak = 1058.387 ; gain = 0.000
Command: route_design
Attempting to get a license for feature 'Implementation' and/or device 'xc7z020'
INFO: [Common 17-349] Got license for feature 'Implementation' and/or device 'xc7z020'
Running DRC as a precondition to command route_design
INFO: [DRC 23-27] Running DRC with 2 threads
INFO: [Vivado_Tcl 4-198] DRC finished with 0 Errors
INFO: [Vivado_Tcl 4-199] Please refer to the DRC report (report_drc) for more information.


Starting Routing Task
INFO: [Route 35-254] Multithreading enabled for route_design using a maximum of 2 CPUs
Checksum: PlaceDB: 6c015540 ConstDB: 0 ShapeSum: 28c2727f RouteDB: 0

Phase 1 Build RT Design
Phase 1 Build RT Design | Checksum: 5a7ae6b6

Time (s): cpu = 00:00:22 ; elapsed = 00:00:20 . Memory (MB): peak = 1194.215 ; gain = 135.828

Phase 2 Router Initialization

Phase 2.1 Create Timer
Phase 2.1 Create Timer | Checksum: 5a7ae6b6

Time (s): cpu = 00:00:22 ; elapsed = 00:00:20 . Memory (MB): peak = 1194.215 ; gain = 135.828

Phase 2.2 Fix Topology Constraints
Phase 2.2 Fix Topology Constraints | Checksum: 5a7ae6b6

Time (s): cpu = 00:00:22 ; elapsed = 00:00:20 . Memory (MB): peak = 1194.215 ; gain = 135.828

Phase 2.3 Pre Route Cleanup
Phase 2.3 Pre Route Cleanup | Checksum: 5a7ae6b6

Time (s): cpu = 00:00:22 ; elapsed = 00:00:20 . Memory (MB): peak = 1194.215 ; gain = 135.828
 Number of Nodes with overlaps = 0

Phase 2.4 Update Timing
Phase 2.4 Update Timing | Checksum: 171b0fe9a

Time (s): cpu = 00:00:23 ; elapsed = 00:00:21 . Memory (MB): peak = 1204.461 ; gain = 146.074
INFO: [Route 35-416] Intermediate Timing Summary | WNS=13.489 | TNS=0.000  | WHS=-0.157 | THS=-18.459|

Phase 2 Router Initialization | Checksum: 18eb5adb4

Time (s): cpu = 00:00:23 ; elapsed = 00:00:21 . Memory (MB): peak = 1204.461 ; gain = 146.074

Phase 3 Initial Routing
Phase 3 Initial Routing | Checksum: 1b9c19a52

Time (s): cpu = 00:00:24 ; elapsed = 00:00:21 . Memory (MB): peak = 1204.461 ; gain = 146.074

Phase 4 Rip-up And Reroute

Phase 4.1 Global Iteration 0
 Number of Nodes with overlaps = 112
 Number of Nodes with overlaps = 0

Phase 4.1.1 Update Timing
Phase 4.1.1 Update Timing | Checksum: 115b4977f

Time (s): cpu = 00:00:24 ; elapsed = 00:00:22 . Memory (MB): peak = 1204.461 ; gain = 146.074
INFO: [Route 35-416] Intermediate Timing Summary | WNS=13.033 | TNS=0.000  | WHS=N/A    | THS=N/A    |

Phase 4.1 Global Iteration 0 | Checksum: 14d95f01d

Time (s): cpu = 00:00:24 ; elapsed = 00:00:22 . Memory (MB): peak = 1204.461 ; gain = 146.074

Phase 4.2 Global Iteration 1
 Number of Nodes with overlaps = 3
 Number of Nodes with overlaps = 0

Phase 4.2.1 Update Timing
Phase 4.2.1 Update Timing | Checksum: 79b503b4

Time (s): cpu = 00:00:24 ; elapsed = 00:00:22 . Memory (MB): peak = 1204.461 ; gain = 146.074
INFO: [Route 35-416] Intermediate Timing Summary | WNS=13.033 | TNS=0.000  | WHS=N/A    | THS=N/A    |

Phase 4.2 Global Iteration 1 | Checksum: e1c800c8

Time (s): cpu = 00:00:24 ; elapsed = 00:00:22 . Memory (MB): peak = 1204.461 ; gain = 146.074
Phase 4 Rip-up And Reroute | Checksum: e1c800c8

Time (s): cpu = 00:00:24 ; elapsed = 00:00:22 . Memory (MB): peak = 1204.461 ; gain = 146.074

Phase 5 Delay and Skew Optimization

Phase 5.1 Delay CleanUp
Phase 5.1 Delay CleanUp | Checksum: e1c800c8

Time (s): cpu = 00:00:24 ; elapsed = 00:00:22 . Memory (MB): peak = 1204.461 ; gain = 146.074

Phase 5.2 Clock Skew Optimization
Phase 5.2 Clock Skew Optimization | Checksum: e1c800c8

Time (s): cpu = 00:00:24 ; elapsed = 00:00:22 . Memory (MB): peak = 1204.461 ; gain = 146.074
Phase 5 Delay and Skew Optimization | Checksum: e1c800c8

Time (s): cpu = 00:00:24 ; elapsed = 00:00:22 . Memory (MB): peak = 1204.461 ; gain = 146.074

Phase 6 Post Hold Fix

Phase 6.1 Hold Fix Iter

Phase 6.1.1 Update Timing
Phase 6.1.1 Update Timing | Checksum: 12c791ab3

Time (s): cpu = 00:00:25 ; elapsed = 00:00:22 . Memory (MB): peak = 1204.461 ; gain = 146.074
INFO: [Route 35-416] Intermediate Timing Summary | WNS=13.148 | TNS=0.000  | WHS=0.017  | THS=0.000  |

Phase 6.1 Hold Fix Iter | Checksum: eb6f5bbb

Time (s): cpu = 00:00:25 ; elapsed = 00:00:22 . Memory (MB): peak = 1204.461 ; gain = 146.074
Phase 6 Post Hold Fix | Checksum: eb6f5bbb

Time (s): cpu = 00:00:25 ; elapsed = 00:00:22 . Memory (MB): peak = 1204.461 ; gain = 146.074

Phase 7 Route finalize

Router Utilization Summary
  Global Vertical Routing Utilization    = 0.27638 %
  Global Horizontal Routing Utilization  = 0.331897 %
  Routable Net Status*
  *Does not include unroutable nets such as driverless and loadless.
  Run report_route_status for detailed report.
  Number of Failed Nets               = 0
  Number of Unrouted Nets             = 0
  Number of Partially Routed Nets     = 0
  Number of Node Overlaps             = 0

Phase 7 Route finalize | Checksum: ea99b001

Time (s): cpu = 00:00:25 ; elapsed = 00:00:22 . Memory (MB): peak = 1204.461 ; gain = 146.074

Phase 8 Verifying routed nets

 Verification completed successfully
Phase 8 Verifying routed nets | Checksum: ea99b001

Time (s): cpu = 00:00:25 ; elapsed = 00:00:22 . Memory (MB): peak = 1204.461 ; gain = 146.074

Phase 9 Depositing Routes
Phase 9 Depositing Routes | Checksum: a7551f62

Time (s): cpu = 00:00:25 ; elapsed = 00:00:22 . Memory (MB): peak = 1204.461 ; gain = 146.074

Phase 10 Post Router Timing
INFO: [Route 35-57] Estimated Timing Summary | WNS=13.148 | TNS=0.000  | WHS=0.017  | THS=0.000  |

INFO: [Route 35-327] The final timing numbers are based on the router estimated timing analysis. For a complete and accurate timing signoff, please run report_timing_summary.
Phase 10 Post Router Timing | Checksum: a7551f62

Time (s): cpu = 00:00:25 ; elapsed = 00:00:22 . Memory (MB): peak = 1204.461 ; gain = 146.074
INFO: [Route 35-16] Router Completed Successfully

Time (s): cpu = 00:00:25 ; elapsed = 00:00:22 . Memory (MB): peak = 1204.461 ; gain = 146.074

Routing Is Done.
INFO: [Common 17-83] Releasing license: Implementation
52 Infos, 0 Warnings, 0 Critical Warnings and 0 Errors encountered.
route_design completed successfully
route_design: Time (s): cpu = 00:00:27 ; elapsed = 00:00:24 . Memory (MB): peak = 1204.461 ; gain = 146.074
Writing placer database...
Writing XDEF routing.
Writing XDEF routing logical nets.
Writing XDEF routing special nets.
Write XDEF Complete: Time (s): cpu = 00:00:01 ; elapsed = 00:00:00.219 . Memory (MB): peak = 1204.461 ; gain = 0.000
INFO: [Common 17-1381] The checkpoint 'D:/klsa/lab2/lab2.runs/impl_1/PS_system_wrapper_routed.dcp' has been generated.
INFO: [DRC 23-27] Running DRC with 2 threads
INFO: [Coretcl 2-168] The results of DRC are in file D:/klsa/lab2/lab2.runs/impl_1/PS_system_wrapper_drc_routed.rpt.
INFO: [Timing 38-35] Done setting XDC timing constraints.
INFO: [DRC 23-133] Running Methodology with 2 threads
INFO: [Coretcl 2-1520] The results of Report Methodology are in file D:/klsa/lab2/lab2.runs/impl_1/PS_system_wrapper_methodology_drc_routed.rpt.
INFO: [Timing 38-35] Done setting XDC timing constraints.
INFO: [Timing 38-91] UpdateTimingParams: Speed grade: -1, Delay Type: min_max.
INFO: [Timing 38-191] Multithreading enabled for timing update using a maximum of 2 CPUs
INFO: [Timing 38-35] Done setting XDC timing constraints.
Command: report_power -file PS_system_wrapper_power_routed.rpt -pb PS_system_wrapper_power_summary_routed.pb -rpx PS_system_wrapper_power_routed.rpx
Running Vector-less Activity Propagation...

Finished Running Vector-less Activity Propagation
62 Infos, 0 Warnings, 0 Critical Warnings and 0 Errors encountered.
report_power completed successfully
Command: write_bitstream -force -no_partial_bitfile PS_system_wrapper.bit
Attempting to get a license for feature 'Implementation' and/or device 'xc7z020'
INFO: [Common 17-349] Got license for feature 'Implementation' and/or device 'xc7z020'
Running DRC as a precondition to command write_bitstream
INFO: [DRC 23-27] Running DRC with 2 threads
INFO: [Vivado 12-3199] DRC finished with 0 Errors
INFO: [Vivado 12-3200] Please refer to the DRC report (report_drc) for more information.
Loading data files...
Loading site data...
Loading route data...
Processing options...
Creating bitmap...
Creating bitstream...
Writing bitstream ./PS_system_wrapper.bit...
INFO: [Vivado 12-1842] Bitgen Completed Successfully.
INFO: [Project 1-120] WebTalk data collection is mandatory when using a WebPACK part without a full Vivado license. To see the specific WebTalk data collected for your design, open the usage_statistics_webtalk.html or usage_statistics_webtalk.xml file in the implementation directory.
INFO: [Common 17-83] Releasing license: Implementation
69 Infos, 0 Warnings, 0 Critical Warnings and 0 Errors encountered.
write_bitstream completed successfully
write_bitstream: Time (s): cpu = 00:00:24 ; elapsed = 00:00:27 . Memory (MB): peak = 1577.445 ; gain = 358.555
INFO: [Common 17-206] Exiting Vivado at Sat Sep 16 14:19:16 2023...
